mode: set
github.com/hryt430/Yotei+/internal/modules/auth/interface/controller/auth_controller.go:19.98,24.2 1 0
github.com/hryt430/Yotei+/internal/modules/auth/interface/controller/auth_controller.go:118.53,120.49 2 0
github.com/hryt430/Yotei+/internal/modules/auth/interface/controller/auth_controller.go:120.49,127.3 2 0
github.com/hryt430/Yotei+/internal/modules/auth/interface/controller/auth_controller.go:130.2,134.16 4 0
github.com/hryt430/Yotei+/internal/modules/auth/interface/controller/auth_controller.go:134.16,141.3 2 0
github.com/hryt430/Yotei+/internal/modules/auth/interface/controller/auth_controller.go:143.2,151.4 1 0
github.com/hryt430/Yotei+/internal/modules/auth/interface/controller/auth_controller.go:166.50,168.49 2 0
github.com/hryt430/Yotei+/internal/modules/auth/interface/controller/auth_controller.go:168.49,175.3 2 0
github.com/hryt430/Yotei+/internal/modules/auth/interface/controller/auth_controller.go:178.2,181.16 3 0
github.com/hryt430/Yotei+/internal/modules/auth/interface/controller/auth_controller.go:181.16,188.3 2 0
github.com/hryt430/Yotei+/internal/modules/auth/interface/controller/auth_controller.go:191.2,220.4 3 0
github.com/hryt430/Yotei+/internal/modules/auth/interface/controller/auth_controller.go:235.57,237.49 2 0
github.com/hryt430/Yotei+/internal/modules/auth/interface/controller/auth_controller.go:237.49,240.17 2 0
github.com/hryt430/Yotei+/internal/modules/auth/interface/controller/auth_controller.go:240.17,247.4 2 0
github.com/hryt430/Yotei+/internal/modules/auth/interface/controller/auth_controller.go:248.3,248.34 1 0
github.com/hryt430/Yotei+/internal/modules/auth/interface/controller/auth_controller.go:251.2,252.16 2 0
github.com/hryt430/Yotei+/internal/modules/auth/interface/controller/auth_controller.go:252.16,259.3 2 0
github.com/hryt430/Yotei+/internal/modules/auth/interface/controller/auth_controller.go:262.2,290.4 3 0
github.com/hryt430/Yotei+/internal/modules/auth/interface/controller/auth_controller.go:306.51,312.22 3 0
github.com/hryt430/Yotei+/internal/modules/auth/interface/controller/auth_controller.go:312.22,314.47 1 0
github.com/hryt430/Yotei+/internal/modules/auth/interface/controller/auth_controller.go:314.47,316.4 1 0
github.com/hryt430/Yotei+/internal/modules/auth/interface/controller/auth_controller.go:317.8,321.17 3 0
github.com/hryt430/Yotei+/internal/modules/auth/interface/controller/auth_controller.go:321.17,324.4 1 0
github.com/hryt430/Yotei+/internal/modules/auth/interface/controller/auth_controller.go:328.2,329.49 2 0
github.com/hryt430/Yotei+/internal/modules/auth/interface/controller/auth_controller.go:329.49,332.17 2 0
github.com/hryt430/Yotei+/internal/modules/auth/interface/controller/auth_controller.go:332.17,339.4 2 0
github.com/hryt430/Yotei+/internal/modules/auth/interface/controller/auth_controller.go:340.3,340.34 1 0
github.com/hryt430/Yotei+/internal/modules/auth/interface/controller/auth_controller.go:344.2,344.95 1 0
github.com/hryt430/Yotei+/internal/modules/auth/interface/controller/auth_controller.go:344.95,351.3 2 0
github.com/hryt430/Yotei+/internal/modules/auth/interface/controller/auth_controller.go:354.2,360.4 3 0
github.com/hryt430/Yotei+/internal/modules/auth/interface/controller/auth_controller.go:374.47,377.13 2 0
github.com/hryt430/Yotei+/internal/modules/auth/interface/controller/auth_controller.go:377.13,384.3 2 0
github.com/hryt430/Yotei+/internal/modules/auth/interface/controller/auth_controller.go:387.2,395.4 1 0
github.com/hryt430/Yotei+/internal/modules/auth/interface/controller/users_controller.go:18.99,23.2 1 0
github.com/hryt430/Yotei+/internal/modules/auth/interface/controller/users_controller.go:53.53,58.16 3 0
github.com/hryt430/Yotei+/internal/modules/auth/interface/controller/users_controller.go:58.16,66.3 3 0
github.com/hryt430/Yotei+/internal/modules/auth/interface/controller/users_controller.go:69.2,70.29 2 0
github.com/hryt430/Yotei+/internal/modules/auth/interface/controller/users_controller.go:70.29,77.3 1 0
github.com/hryt430/Yotei+/internal/modules/auth/interface/controller/users_controller.go:79.2,82.4 1 0
github.com/hryt430/Yotei+/internal/modules/auth/interface/controller/users_controller.go:86.52,88.18 2 0
github.com/hryt430/Yotei+/internal/modules/auth/interface/controller/users_controller.go:88.18,95.3 2 0
github.com/hryt430/Yotei+/internal/modules/auth/interface/controller/users_controller.go:98.2,99.16 2 0
github.com/hryt430/Yotei+/internal/modules/auth/interface/controller/users_controller.go:99.16,106.3 2 0
github.com/hryt430/Yotei+/internal/modules/auth/interface/controller/users_controller.go:109.2,110.16 2 0
github.com/hryt430/Yotei+/internal/modules/auth/interface/controller/users_controller.go:110.16,118.3 3 0
github.com/hryt430/Yotei+/internal/modules/auth/interface/controller/users_controller.go:120.2,120.17 1 0
github.com/hryt430/Yotei+/internal/modules/auth/interface/controller/users_controller.go:120.17,127.3 2 0
github.com/hryt430/Yotei+/internal/modules/auth/interface/controller/users_controller.go:130.2,134.59 3 0
github.com/hryt430/Yotei+/internal/modules/auth/interface/controller/users_controller.go:134.59,151.3 2 0
github.com/hryt430/Yotei+/internal/modules/auth/interface/controller/users_controller.go:151.8,164.3 2 0
github.com/hryt430/Yotei+/internal/modules/auth/interface/controller/users_controller.go:168.55,170.18 2 0
github.com/hryt430/Yotei+/internal/modules/auth/interface/controller/users_controller.go:170.18,177.3 2 0
github.com/hryt430/Yotei+/internal/modules/auth/interface/controller/users_controller.go:180.2,181.16 2 0
github.com/hryt430/Yotei+/internal/modules/auth/interface/controller/users_controller.go:181.16,188.3 2 0
github.com/hryt430/Yotei+/internal/modules/auth/interface/controller/users_controller.go:191.2,195.59 3 0
github.com/hryt430/Yotei+/internal/modules/auth/interface/controller/users_controller.go:195.59,202.3 2 0
github.com/hryt430/Yotei+/internal/modules/auth/interface/controller/users_controller.go:205.2,206.49 2 0
github.com/hryt430/Yotei+/internal/modules/auth/interface/controller/users_controller.go:206.49,213.3 2 0
github.com/hryt430/Yotei+/internal/modules/auth/interface/controller/users_controller.go:216.2,216.43 1 0
github.com/hryt430/Yotei+/internal/modules/auth/interface/controller/users_controller.go:216.43,223.3 2 0
github.com/hryt430/Yotei+/internal/modules/auth/interface/controller/users_controller.go:226.2,226.24 1 0
github.com/hryt430/Yotei+/internal/modules/auth/interface/controller/users_controller.go:226.24,228.3 1 0
github.com/hryt430/Yotei+/internal/modules/auth/interface/controller/users_controller.go:229.2,229.21 1 0
github.com/hryt430/Yotei+/internal/modules/auth/interface/controller/users_controller.go:229.21,231.3 1 0
github.com/hryt430/Yotei+/internal/modules/auth/interface/controller/users_controller.go:234.2,235.16 2 0
github.com/hryt430/Yotei+/internal/modules/auth/interface/controller/users_controller.go:235.16,237.60 2 0
github.com/hryt430/Yotei+/internal/modules/auth/interface/controller/users_controller.go:237.60,244.4 2 0
github.com/hryt430/Yotei+/internal/modules/auth/interface/controller/users_controller.go:245.3,245.63 1 0
github.com/hryt430/Yotei+/internal/modules/auth/interface/controller/users_controller.go:245.63,252.4 2 0
github.com/hryt430/Yotei+/internal/modules/auth/interface/controller/users_controller.go:253.3,258.9 2 0
github.com/hryt430/Yotei+/internal/modules/auth/interface/controller/users_controller.go:262.2,277.4 2 0
github.com/hryt430/Yotei+/internal/modules/auth/interface/controller/users_controller.go:281.59,284.13 2 0
github.com/hryt430/Yotei+/internal/modules/auth/interface/controller/users_controller.go:284.13,291.3 2 0
github.com/hryt430/Yotei+/internal/modules/auth/interface/controller/users_controller.go:293.2,294.16 2 0
github.com/hryt430/Yotei+/internal/modules/auth/interface/controller/users_controller.go:294.16,301.3 2 0
github.com/hryt430/Yotei+/internal/modules/auth/interface/controller/users_controller.go:303.2,304.31 2 0
github.com/hryt430/Yotei+/internal/modules/auth/interface/controller/users_controller.go:304.31,312.3 3 0
github.com/hryt430/Yotei+/internal/modules/auth/interface/controller/users_controller.go:315.2,329.4 2 0
github.com/hryt430/Yotei+/internal/modules/auth/interface/controller/users_controller.go:333.62,336.13 2 0
github.com/hryt430/Yotei+/internal/modules/auth/interface/controller/users_controller.go:336.13,343.3 2 0
github.com/hryt430/Yotei+/internal/modules/auth/interface/controller/users_controller.go:346.2,347.19 2 0
github.com/hryt430/Yotei+/internal/modules/auth/infrastructure/database/sqlhandler.go:16.33,18.16 2 0
github.com/hryt430/Yotei+/internal/modules/auth/infrastructure/database/sqlhandler.go:18.16,19.21 1 0
github.com/hryt430/Yotei+/internal/modules/auth/infrastructure/database/sqlhandler.go:23.2,24.16 2 0
github.com/hryt430/Yotei+/internal/modules/auth/infrastructure/database/sqlhandler.go:24.16,25.21 1 0
github.com/hryt430/Yotei+/internal/modules/auth/infrastructure/database/sqlhandler.go:28.2,30.20 3 0
github.com/hryt430/Yotei+/internal/modules/auth/infrastructure/database/sqlhandler.go:33.94,35.16 2 0
github.com/hryt430/Yotei+/internal/modules/auth/infrastructure/database/sqlhandler.go:35.16,37.3 1 0
github.com/hryt430/Yotei+/internal/modules/auth/infrastructure/database/sqlhandler.go:38.2,38.29 1 0
github.com/hryt430/Yotei+/internal/modules/auth/infrastructure/database/sqlhandler.go:41.89,43.16 2 0
github.com/hryt430/Yotei+/internal/modules/auth/infrastructure/database/sqlhandler.go:43.16,45.3 1 0
github.com/hryt430/Yotei+/internal/modules/auth/infrastructure/database/sqlhandler.go:46.2,46.33 1 0
github.com/hryt430/Yotei+/internal/modules/auth/infrastructure/database/sqlhandler.go:49.36,51.2 1 0
github.com/hryt430/Yotei+/internal/modules/auth/infrastructure/database/sqlhandler.go:57.51,59.2 1 0
github.com/hryt430/Yotei+/internal/modules/auth/infrastructure/database/sqlhandler.go:61.51,63.2 1 0
github.com/hryt430/Yotei+/internal/modules/auth/infrastructure/database/sqlhandler.go:69.50,71.2 1 0
github.com/hryt430/Yotei+/internal/modules/auth/infrastructure/database/sqlhandler.go:73.30,75.2 1 0
github.com/hryt430/Yotei+/internal/modules/auth/infrastructure/database/sqlhandler.go:77.32,79.2 1 0
github.com/hryt430/Yotei+/internal/modules/auth/interface/redis/repository.go:21.33,26.2 1 0
github.com/hryt430/Yotei+/internal/modules/auth/interface/redis/repository.go:29.94,32.2 2 0
github.com/hryt430/Yotei+/internal/modules/auth/interface/redis/repository.go:34.72,37.2 2 0
github.com/hryt430/Yotei+/internal/modules/auth/interface/redis/repository.go:40.85,42.2 1 0
github.com/hryt430/Yotei+/internal/modules/auth/interface/redis/repository.go:44.95,46.2 1 0
github.com/hryt430/Yotei+/internal/modules/auth/interface/redis/repository.go:48.73,50.2 1 0
github.com/hryt430/Yotei+/internal/modules/auth/interface/redis/repository.go:52.69,55.2 1 0
github.com/hryt430/Yotei+/internal/modules/auth/infrastructure/middleware/auth_middleware.go:19.80,23.2 1 0
github.com/hryt430/Yotei+/internal/modules/auth/infrastructure/middleware/auth_middleware.go:26.57,27.32 1 0
github.com/hryt430/Yotei+/internal/modules/auth/infrastructure/middleware/auth_middleware.go:27.32,30.24 2 0
github.com/hryt430/Yotei+/internal/modules/auth/infrastructure/middleware/auth_middleware.go:30.24,33.4 2 0
github.com/hryt430/Yotei+/internal/modules/auth/infrastructure/middleware/auth_middleware.go:36.3,37.17 2 0
github.com/hryt430/Yotei+/internal/modules/auth/infrastructure/middleware/auth_middleware.go:37.17,38.36 1 0
github.com/hryt430/Yotei+/internal/modules/auth/infrastructure/middleware/auth_middleware.go:38.36,41.5 2 0
github.com/hryt430/Yotei+/internal/modules/auth/infrastructure/middleware/auth_middleware.go:42.4,42.40 1 0
github.com/hryt430/Yotei+/internal/modules/auth/infrastructure/middleware/auth_middleware.go:42.40,45.5 2 0
github.com/hryt430/Yotei+/internal/modules/auth/infrastructure/middleware/auth_middleware.go:46.4,47.10 2 0
github.com/hryt430/Yotei+/internal/modules/auth/infrastructure/middleware/auth_middleware.go:51.3,56.13 5 0
github.com/hryt430/Yotei+/internal/modules/auth/infrastructure/middleware/auth_middleware.go:60.66,61.32 1 0
github.com/hryt430/Yotei+/internal/modules/auth/infrastructure/middleware/auth_middleware.go:61.32,64.24 2 0
github.com/hryt430/Yotei+/internal/modules/auth/infrastructure/middleware/auth_middleware.go:64.24,68.4 3 0
github.com/hryt430/Yotei+/internal/modules/auth/infrastructure/middleware/auth_middleware.go:70.3,71.17 2 0
github.com/hryt430/Yotei+/internal/modules/auth/infrastructure/middleware/auth_middleware.go:71.17,72.36 1 0
github.com/hryt430/Yotei+/internal/modules/auth/infrastructure/middleware/auth_middleware.go:72.36,76.5 3 0
github.com/hryt430/Yotei+/internal/modules/auth/infrastructure/middleware/auth_middleware.go:77.4,77.40 1 0
github.com/hryt430/Yotei+/internal/modules/auth/infrastructure/middleware/auth_middleware.go:77.40,81.5 3 0
github.com/hryt430/Yotei+/internal/modules/auth/infrastructure/middleware/auth_middleware.go:82.4,84.10 3 0
github.com/hryt430/Yotei+/internal/modules/auth/infrastructure/middleware/auth_middleware.go:88.3,93.13 5 0
github.com/hryt430/Yotei+/internal/modules/auth/infrastructure/middleware/auth_middleware.go:98.64,101.66 2 0
github.com/hryt430/Yotei+/internal/modules/auth/infrastructure/middleware/auth_middleware.go:101.66,103.3 1 0
github.com/hryt430/Yotei+/internal/modules/auth/infrastructure/middleware/auth_middleware.go:106.2,107.16 2 0
github.com/hryt430/Yotei+/internal/modules/auth/infrastructure/middleware/auth_middleware.go:107.16,109.3 1 0
github.com/hryt430/Yotei+/internal/modules/auth/infrastructure/middleware/auth_middleware.go:111.2,111.11 1 0
github.com/hryt430/Yotei+/internal/modules/auth/infrastructure/middleware/auth_middleware.go:115.68,116.32 1 0
github.com/hryt430/Yotei+/internal/modules/auth/infrastructure/middleware/auth_middleware.go:116.32,119.14 2 0
github.com/hryt430/Yotei+/internal/modules/auth/infrastructure/middleware/auth_middleware.go:119.14,122.4 2 0
github.com/hryt430/Yotei+/internal/modules/auth/infrastructure/middleware/auth_middleware.go:125.3,125.23 1 0
github.com/hryt430/Yotei+/internal/modules/auth/infrastructure/middleware/auth_middleware.go:125.23,128.4 2 0
github.com/hryt430/Yotei+/internal/modules/auth/infrastructure/middleware/auth_middleware.go:130.3,130.13 1 0
github.com/hryt430/Yotei+/internal/modules/auth/interface/database/token_storage.go:16.75,30.2 3 0
github.com/hryt430/Yotei+/internal/modules/auth/interface/database/token_storage.go:32.92,38.16 3 0
github.com/hryt430/Yotei+/internal/modules/auth/interface/database/token_storage.go:38.16,40.3 1 0
github.com/hryt430/Yotei+/internal/modules/auth/interface/database/token_storage.go:41.2,43.17 2 0
github.com/hryt430/Yotei+/internal/modules/auth/interface/database/token_storage.go:43.17,45.3 1 0
github.com/hryt430/Yotei+/internal/modules/auth/interface/database/token_storage.go:47.2,60.16 4 0
github.com/hryt430/Yotei+/internal/modules/auth/interface/database/token_storage.go:60.16,62.3 1 0
github.com/hryt430/Yotei+/internal/modules/auth/interface/database/token_storage.go:65.2,65.52 1 0
github.com/hryt430/Yotei+/internal/modules/auth/interface/database/token_storage.go:65.52,67.3 1 0
github.com/hryt430/Yotei+/internal/modules/auth/interface/database/token_storage.go:67.8,69.3 1 0
github.com/hryt430/Yotei+/internal/modules/auth/interface/database/token_storage.go:71.2,71.60 1 0
github.com/hryt430/Yotei+/internal/modules/auth/interface/database/token_storage.go:71.60,73.3 1 0
github.com/hryt430/Yotei+/internal/modules/auth/interface/database/token_storage.go:73.8,75.3 1 0
github.com/hryt430/Yotei+/internal/modules/auth/interface/database/token_storage.go:77.2,77.21 1 0
github.com/hryt430/Yotei+/internal/modules/auth/interface/database/token_storage.go:77.21,79.3 1 0
github.com/hryt430/Yotei+/internal/modules/auth/interface/database/token_storage.go:81.2,81.27 1 0
github.com/hryt430/Yotei+/internal/modules/auth/interface/database/token_storage.go:84.63,90.2 3 0
github.com/hryt430/Yotei+/internal/modules/auth/interface/database/token_storage.go:92.59,97.2 3 0
github.com/hryt430/Yotei+/internal/modules/auth/interface/database/user_repository.go:18.67,22.16 3 0
github.com/hryt430/Yotei+/internal/modules/auth/interface/database/user_repository.go:22.16,24.3 1 0
github.com/hryt430/Yotei+/internal/modules/auth/interface/database/user_repository.go:25.2,25.15 1 0
github.com/hryt430/Yotei+/internal/modules/auth/interface/database/user_repository.go:25.15,26.47 1 0
github.com/hryt430/Yotei+/internal/modules/auth/interface/database/user_repository.go:26.47,29.4 1 0
github.com/hryt430/Yotei+/internal/modules/auth/interface/database/user_repository.go:32.2,32.24 1 0
github.com/hryt430/Yotei+/internal/modules/auth/interface/database/user_repository.go:36.83,40.16 3 0
github.com/hryt430/Yotei+/internal/modules/auth/interface/database/user_repository.go:40.16,42.3 1 0
github.com/hryt430/Yotei+/internal/modules/auth/interface/database/user_repository.go:43.2,43.15 1 0
github.com/hryt430/Yotei+/internal/modules/auth/interface/database/user_repository.go:43.15,44.47 1 0
github.com/hryt430/Yotei+/internal/modules/auth/interface/database/user_repository.go:44.47,46.4 1 0
github.com/hryt430/Yotei+/internal/modules/auth/interface/database/user_repository.go:49.2,49.17 1 0
github.com/hryt430/Yotei+/internal/modules/auth/interface/database/user_repository.go:49.17,51.3 1 0
github.com/hryt430/Yotei+/internal/modules/auth/interface/database/user_repository.go:53.2,54.72 2 0
github.com/hryt430/Yotei+/internal/modules/auth/interface/database/user_repository.go:54.72,56.3 1 0
github.com/hryt430/Yotei+/internal/modules/auth/interface/database/user_repository.go:58.2,58.19 1 0
github.com/hryt430/Yotei+/internal/modules/auth/interface/database/user_repository.go:62.103,63.23 1 0
github.com/hryt430/Yotei+/internal/modules/auth/interface/database/user_repository.go:63.23,65.3 1 0
github.com/hryt430/Yotei+/internal/modules/auth/interface/database/user_repository.go:68.2,70.29 3 0
github.com/hryt430/Yotei+/internal/modules/auth/interface/database/user_repository.go:70.29,73.3 2 0
github.com/hryt430/Yotei+/internal/modules/auth/interface/database/user_repository.go:75.2,79.16 3 0
github.com/hryt430/Yotei+/internal/modules/auth/interface/database/user_repository.go:79.16,81.3 1 0
github.com/hryt430/Yotei+/internal/modules/auth/interface/database/user_repository.go:82.2,82.15 1 0
github.com/hryt430/Yotei+/internal/modules/auth/interface/database/user_repository.go:82.15,83.48 1 0
github.com/hryt430/Yotei+/internal/modules/auth/interface/database/user_repository.go:83.48,85.4 1 0
github.com/hryt430/Yotei+/internal/modules/auth/interface/database/user_repository.go:88.2,89.18 2 0
github.com/hryt430/Yotei+/internal/modules/auth/interface/database/user_repository.go:89.18,91.74 2 0
github.com/hryt430/Yotei+/internal/modules/auth/interface/database/user_repository.go:91.74,93.4 1 0
github.com/hryt430/Yotei+/internal/modules/auth/interface/database/user_repository.go:94.3,94.26 1 0
github.com/hryt430/Yotei+/internal/modules/auth/interface/database/user_repository.go:97.2,97.20 1 0
github.com/hryt430/Yotei+/internal/modules/auth/interface/database/user_repository.go:108.63,110.21 1 0
github.com/hryt430/Yotei+/internal/modules/auth/interface/database/user_repository.go:110.21,112.3 1 0
github.com/hryt430/Yotei+/internal/modules/auth/interface/database/user_repository.go:113.2,113.67 1 0
github.com/hryt430/Yotei+/internal/modules/auth/interface/database/user_repository.go:113.67,115.3 1 0
github.com/hryt430/Yotei+/internal/modules/auth/interface/database/user_repository.go:118.2,119.29 2 0
github.com/hryt430/Yotei+/internal/modules/auth/interface/database/user_repository.go:119.29,121.3 1 0
github.com/hryt430/Yotei+/internal/modules/auth/interface/database/user_repository.go:122.2,122.29 1 0
github.com/hryt430/Yotei+/internal/modules/auth/interface/database/user_repository.go:122.29,124.3 1 0
github.com/hryt430/Yotei+/internal/modules/auth/interface/database/user_repository.go:126.2,141.16 3 0
github.com/hryt430/Yotei+/internal/modules/auth/interface/database/user_repository.go:141.16,143.3 1 0
github.com/hryt430/Yotei+/internal/modules/auth/interface/database/user_repository.go:145.2,145.12 1 0
github.com/hryt430/Yotei+/internal/modules/auth/interface/database/user_repository.go:149.79,155.16 3 0
github.com/hryt430/Yotei+/internal/modules/auth/interface/database/user_repository.go:155.16,157.3 1 0
github.com/hryt430/Yotei+/internal/modules/auth/interface/database/user_repository.go:158.2,158.15 1 0
github.com/hryt430/Yotei+/internal/modules/auth/interface/database/user_repository.go:158.15,159.47 1 0
github.com/hryt430/Yotei+/internal/modules/auth/interface/database/user_repository.go:159.47,161.4 1 0
github.com/hryt430/Yotei+/internal/modules/auth/interface/database/user_repository.go:164.2,164.17 1 0
github.com/hryt430/Yotei+/internal/modules/auth/interface/database/user_repository.go:164.17,166.3 1 0
github.com/hryt430/Yotei+/internal/modules/auth/interface/database/user_repository.go:168.2,168.24 1 0
github.com/hryt430/Yotei+/internal/modules/auth/interface/database/user_repository.go:172.76,178.16 3 0
github.com/hryt430/Yotei+/internal/modules/auth/interface/database/user_repository.go:178.16,180.3 1 0
github.com/hryt430/Yotei+/internal/modules/auth/interface/database/user_repository.go:181.2,181.15 1 0
github.com/hryt430/Yotei+/internal/modules/auth/interface/database/user_repository.go:181.15,182.47 1 0
github.com/hryt430/Yotei+/internal/modules/auth/interface/database/user_repository.go:182.47,184.4 1 0
github.com/hryt430/Yotei+/internal/modules/auth/interface/database/user_repository.go:187.2,187.17 1 0
github.com/hryt430/Yotei+/internal/modules/auth/interface/database/user_repository.go:187.17,189.3 1 0
github.com/hryt430/Yotei+/internal/modules/auth/interface/database/user_repository.go:191.2,191.24 1 0
github.com/hryt430/Yotei+/internal/modules/auth/interface/database/user_repository.go:195.85,201.16 3 0
github.com/hryt430/Yotei+/internal/modules/auth/interface/database/user_repository.go:201.16,203.3 1 0
github.com/hryt430/Yotei+/internal/modules/auth/interface/database/user_repository.go:204.2,204.15 1 0
github.com/hryt430/Yotei+/internal/modules/auth/interface/database/user_repository.go:204.15,205.47 1 0
github.com/hryt430/Yotei+/internal/modules/auth/interface/database/user_repository.go:205.47,207.4 1 0
github.com/hryt430/Yotei+/internal/modules/auth/interface/database/user_repository.go:210.2,210.17 1 0
github.com/hryt430/Yotei+/internal/modules/auth/interface/database/user_repository.go:210.17,212.3 1 0
github.com/hryt430/Yotei+/internal/modules/auth/interface/database/user_repository.go:214.2,214.24 1 0
github.com/hryt430/Yotei+/internal/modules/auth/interface/database/user_repository.go:218.76,222.18 3 0
github.com/hryt430/Yotei+/internal/modules/auth/interface/database/user_repository.go:222.18,231.3 4 0
github.com/hryt430/Yotei+/internal/modules/auth/interface/database/user_repository.go:231.8,237.3 2 0
github.com/hryt430/Yotei+/internal/modules/auth/interface/database/user_repository.go:239.2,240.16 2 0
github.com/hryt430/Yotei+/internal/modules/auth/interface/database/user_repository.go:240.16,242.3 1 0
github.com/hryt430/Yotei+/internal/modules/auth/interface/database/user_repository.go:243.2,243.15 1 0
github.com/hryt430/Yotei+/internal/modules/auth/interface/database/user_repository.go:243.15,244.48 1 0
github.com/hryt430/Yotei+/internal/modules/auth/interface/database/user_repository.go:244.48,246.4 1 0
github.com/hryt430/Yotei+/internal/modules/auth/interface/database/user_repository.go:249.2,250.18 2 0
github.com/hryt430/Yotei+/internal/modules/auth/interface/database/user_repository.go:250.18,252.17 2 0
github.com/hryt430/Yotei+/internal/modules/auth/interface/database/user_repository.go:252.17,254.4 1 0
github.com/hryt430/Yotei+/internal/modules/auth/interface/database/user_repository.go:255.3,255.30 1 0
github.com/hryt430/Yotei+/internal/modules/auth/interface/database/user_repository.go:258.2,258.19 1 0
github.com/hryt430/Yotei+/internal/modules/auth/interface/database/user_repository.go:262.63,264.67 1 0
github.com/hryt430/Yotei+/internal/modules/auth/interface/database/user_repository.go:264.67,266.3 1 0
github.com/hryt430/Yotei+/internal/modules/auth/interface/database/user_repository.go:269.2,285.16 4 0
github.com/hryt430/Yotei+/internal/modules/auth/interface/database/user_repository.go:285.16,287.3 1 0
github.com/hryt430/Yotei+/internal/modules/auth/interface/database/user_repository.go:289.2,290.16 2 0
github.com/hryt430/Yotei+/internal/modules/auth/interface/database/user_repository.go:290.16,292.3 1 0
github.com/hryt430/Yotei+/internal/modules/auth/interface/database/user_repository.go:294.2,294.23 1 0
github.com/hryt430/Yotei+/internal/modules/auth/interface/database/user_repository.go:294.23,296.3 1 0
github.com/hryt430/Yotei+/internal/modules/auth/interface/database/user_repository.go:298.2,298.12 1 0
github.com/hryt430/Yotei+/internal/modules/auth/interface/database/user_repository.go:302.67,317.16 4 0
github.com/hryt430/Yotei+/internal/modules/auth/interface/database/user_repository.go:317.16,319.3 1 0
github.com/hryt430/Yotei+/internal/modules/auth/interface/database/user_repository.go:322.2,323.16 2 0
github.com/hryt430/Yotei+/internal/modules/auth/interface/database/user_repository.go:323.16,325.3 1 0
github.com/hryt430/Yotei+/internal/modules/auth/interface/database/user_repository.go:326.2,329.21 2 0
github.com/hryt430/Yotei+/internal/modules/auth/interface/database/user_repository.go:329.21,331.3 1 0
github.com/hryt430/Yotei+/internal/modules/auth/interface/database/user_repository.go:333.2,333.19 1 0
github.com/hryt430/Yotei+/internal/modules/auth/interface/database/user_repository.go:341.65,343.2 1 0
github.com/hryt430/Yotei+/internal/modules/auth/interface/database/user_repository.go:345.65,347.2 1 0
github.com/hryt430/Yotei+/internal/modules/auth/interface/database/user_repository.go:349.81,351.2 1 0
github.com/hryt430/Yotei+/internal/modules/auth/infrastructure/redis/token_cache.go:16.64,21.2 1 0
github.com/hryt430/Yotei+/internal/modules/auth/infrastructure/redis/token_cache.go:23.89,25.2 1 0
github.com/hryt430/Yotei+/internal/modules/auth/infrastructure/redis/token_cache.go:27.59,29.2 1 0
github.com/hryt430/Yotei+/internal/modules/auth/infrastructure/redis/token_cache.go:31.51,34.2 2 0
github.com/hryt430/Yotei+/internal/modules/auth/infrastructure/redis/token_cache.go:36.52,38.2 1 0
github.com/hryt430/Yotei+/internal/modules/auth/usecase/mocks/mock_token_repository.go:27.77,31.2 3 0
github.com/hryt430/Yotei+/internal/modules/auth/usecase/mocks/mock_token_repository.go:34.75,36.2 1 0
github.com/hryt430/Yotei+/internal/modules/auth/usecase/mocks/mock_token_repository.go:39.67,44.2 4 0
github.com/hryt430/Yotei+/internal/modules/auth/usecase/mocks/mock_token_repository.go:47.87,50.2 2 0
github.com/hryt430/Yotei+/internal/modules/auth/usecase/mocks/mock_token_repository.go:53.93,59.2 5 0
github.com/hryt430/Yotei+/internal/modules/auth/usecase/mocks/mock_token_repository.go:62.94,65.2 2 0
github.com/hryt430/Yotei+/internal/modules/auth/usecase/mocks/mock_token_repository.go:68.70,73.2 4 0
github.com/hryt430/Yotei+/internal/modules/auth/usecase/mocks/mock_token_repository.go:76.96,79.2 2 0
github.com/hryt430/Yotei+/internal/modules/auth/usecase/mocks/mock_token_repository.go:82.71,87.2 4 0
github.com/hryt430/Yotei+/internal/modules/auth/usecase/mocks/mock_token_repository.go:90.96,93.2 2 0
github.com/hryt430/Yotei+/internal/modules/auth/usecase/mocks/mock_token_repository.go:96.83,101.2 4 0
github.com/hryt430/Yotei+/internal/modules/auth/usecase/mocks/mock_token_repository.go:104.94,107.2 2 0
github.com/hryt430/Yotei+/internal/modules/auth/usecase/mocks/mock_token_repository.go:110.92,115.2 4 0
github.com/hryt430/Yotei+/internal/modules/auth/usecase/mocks/mock_token_repository.go:118.103,121.2 2 0
github.com/hryt430/Yotei+/internal/modules/auth/usecase/mocks/mock_user_repository.go:27.75,31.2 3 0
github.com/hryt430/Yotei+/internal/modules/auth/usecase/mocks/mock_user_repository.go:34.73,36.2 1 0
github.com/hryt430/Yotei+/internal/modules/auth/usecase/mocks/mock_user_repository.go:39.67,44.2 4 0
github.com/hryt430/Yotei+/internal/modules/auth/usecase/mocks/mock_user_repository.go:47.86,50.2 2 0
github.com/hryt430/Yotei+/internal/modules/auth/usecase/mocks/mock_user_repository.go:53.83,59.2 5 0
github.com/hryt430/Yotei+/internal/modules/auth/usecase/mocks/mock_user_repository.go:62.92,65.2 2 0
github.com/hryt430/Yotei+/internal/modules/auth/usecase/mocks/mock_user_repository.go:68.80,74.2 5 0
github.com/hryt430/Yotei+/internal/modules/auth/usecase/mocks/mock_user_repository.go:77.86,80.2 2 0
github.com/hryt430/Yotei+/internal/modules/auth/usecase/mocks/mock_user_repository.go:83.80,89.2 5 0
github.com/hryt430/Yotei+/internal/modules/auth/usecase/mocks/mock_user_repository.go:92.87,95.2 2 0
github.com/hryt430/Yotei+/internal/modules/auth/usecase/mocks/mock_user_repository.go:98.67,103.2 4 0
github.com/hryt430/Yotei+/internal/modules/auth/usecase/mocks/mock_user_repository.go:106.86,109.2 2 0
github.com/hryt430/Yotei+/internal/modules/auth/usecase/token/mocks/mock_repository.go:27.77,31.2 3 0
github.com/hryt430/Yotei+/internal/modules/auth/usecase/token/mocks/mock_repository.go:34.75,36.2 1 0
github.com/hryt430/Yotei+/internal/modules/auth/usecase/token/mocks/mock_repository.go:39.67,44.2 4 0
github.com/hryt430/Yotei+/internal/modules/auth/usecase/token/mocks/mock_repository.go:47.87,50.2 2 0
github.com/hryt430/Yotei+/internal/modules/auth/usecase/token/mocks/mock_repository.go:53.93,59.2 5 0
github.com/hryt430/Yotei+/internal/modules/auth/usecase/token/mocks/mock_repository.go:62.94,65.2 2 0
github.com/hryt430/Yotei+/internal/modules/auth/usecase/token/mocks/mock_repository.go:68.70,73.2 4 0
github.com/hryt430/Yotei+/internal/modules/auth/usecase/token/mocks/mock_repository.go:76.96,79.2 2 0
github.com/hryt430/Yotei+/internal/modules/auth/usecase/token/mocks/mock_repository.go:82.71,87.2 4 0
github.com/hryt430/Yotei+/internal/modules/auth/usecase/token/mocks/mock_repository.go:90.96,93.2 2 0
github.com/hryt430/Yotei+/internal/modules/auth/usecase/token/mocks/mock_repository.go:96.83,101.2 4 0
github.com/hryt430/Yotei+/internal/modules/auth/usecase/token/mocks/mock_repository.go:104.94,107.2 2 0
github.com/hryt430/Yotei+/internal/modules/auth/usecase/token/mocks/mock_repository.go:110.92,115.2 4 0
github.com/hryt430/Yotei+/internal/modules/auth/usecase/token/mocks/mock_repository.go:118.103,121.2 2 0
github.com/hryt430/Yotei+/internal/modules/auth/usecase/user/mocks/mock_repository.go:27.75,31.2 3 0
github.com/hryt430/Yotei+/internal/modules/auth/usecase/user/mocks/mock_repository.go:34.73,36.2 1 0
github.com/hryt430/Yotei+/internal/modules/auth/usecase/user/mocks/mock_repository.go:39.67,44.2 4 0
github.com/hryt430/Yotei+/internal/modules/auth/usecase/user/mocks/mock_repository.go:47.86,50.2 2 0
github.com/hryt430/Yotei+/internal/modules/auth/usecase/user/mocks/mock_repository.go:53.83,59.2 5 0
github.com/hryt430/Yotei+/internal/modules/auth/usecase/user/mocks/mock_repository.go:62.92,65.2 2 0
github.com/hryt430/Yotei+/internal/modules/auth/usecase/user/mocks/mock_repository.go:68.80,74.2 5 0
github.com/hryt430/Yotei+/internal/modules/auth/usecase/user/mocks/mock_repository.go:77.86,80.2 2 0
github.com/hryt430/Yotei+/internal/modules/auth/usecase/user/mocks/mock_repository.go:83.80,89.2 5 0
github.com/hryt430/Yotei+/internal/modules/auth/usecase/user/mocks/mock_repository.go:92.87,95.2 2 0
github.com/hryt430/Yotei+/internal/modules/auth/usecase/user/mocks/mock_repository.go:98.67,103.2 4 0
github.com/hryt430/Yotei+/internal/modules/auth/usecase/user/mocks/mock_repository.go:106.86,109.2 2 0
github.com/hryt430/Yotei+/internal/modules/group/infrastructure/database/sqlhandler.go:17.33,20.16 2 0
github.com/hryt430/Yotei+/internal/modules/group/infrastructure/database/sqlhandler.go:20.16,21.55 1 0
github.com/hryt430/Yotei+/internal/modules/group/infrastructure/database/sqlhandler.go:23.2,24.16 2 0
github.com/hryt430/Yotei+/internal/modules/group/infrastructure/database/sqlhandler.go:24.16,25.63 1 0
github.com/hryt430/Yotei+/internal/modules/group/infrastructure/database/sqlhandler.go:28.2,30.3 1 0
github.com/hryt430/Yotei+/internal/modules/group/infrastructure/database/sqlhandler.go:34.36,35.19 1 0
github.com/hryt430/Yotei+/internal/modules/group/infrastructure/database/sqlhandler.go:35.19,37.3 1 0
github.com/hryt430/Yotei+/internal/modules/group/infrastructure/database/sqlhandler.go:38.2,38.12 1 0
github.com/hryt430/Yotei+/internal/modules/group/infrastructure/database/sqlhandler.go:42.46,44.2 1 0
github.com/hryt430/Yotei+/internal/modules/group/infrastructure/database/sqlhandler.go:47.47,49.2 1 0
github.com/hryt430/Yotei+/internal/modules/group/infrastructure/database/sqlhandler.go:52.74,54.16 2 0
github.com/hryt430/Yotei+/internal/modules/group/infrastructure/database/sqlhandler.go:54.16,56.3 1 0
github.com/hryt430/Yotei+/internal/modules/group/infrastructure/database/sqlhandler.go:58.2,58.15 1 0
github.com/hryt430/Yotei+/internal/modules/group/infrastructure/database/sqlhandler.go:58.15,59.31 1 0
github.com/hryt430/Yotei+/internal/modules/group/infrastructure/database/sqlhandler.go:59.31,61.12 2 0
github.com/hryt430/Yotei+/internal/modules/group/infrastructure/database/sqlhandler.go:62.9,62.24 1 0
github.com/hryt430/Yotei+/internal/modules/group/infrastructure/database/sqlhandler.go:62.24,64.4 1 0
github.com/hryt430/Yotei+/internal/modules/group/infrastructure/database/sqlhandler.go:64.9,66.4 1 0
github.com/hryt430/Yotei+/internal/modules/group/infrastructure/database/sqlhandler.go:69.2,70.12 2 0
github.com/hryt430/Yotei+/internal/modules/group/infrastructure/database/sqlhandler.go:74.47,130.34 5 0
github.com/hryt430/Yotei+/internal/modules/group/infrastructure/database/sqlhandler.go:130.34,131.50 1 0
github.com/hryt430/Yotei+/internal/modules/group/infrastructure/database/sqlhandler.go:131.50,133.4 1 0
github.com/hryt430/Yotei+/internal/modules/group/infrastructure/database/sqlhandler.go:136.2,136.12 1 0
github.com/hryt430/Yotei+/internal/modules/group/infrastructure/database/sqlhandler.go:140.44,154.35 2 0
github.com/hryt430/Yotei+/internal/modules/group/infrastructure/database/sqlhandler.go:154.35,155.50 1 0
github.com/hryt430/Yotei+/internal/modules/group/infrastructure/database/sqlhandler.go:155.50,158.4 1 0
github.com/hryt430/Yotei+/internal/modules/group/infrastructure/database/sqlhandler.go:161.2,161.12 1 0
github.com/hryt430/Yotei+/internal/modules/group/infrastructure/database/sqlhandler.go:165.42,167.2 1 0
github.com/hryt430/Yotei+/internal/modules/group/infrastructure/database/sqlhandler.go:170.45,172.2 1 0
github.com/hryt430/Yotei+/internal/modules/group/interface/controller/group_controller.go:23.104,28.2 1 0
github.com/hryt430/Yotei+/internal/modules/group/interface/controller/group_controller.go:73.56,75.16 2 0
github.com/hryt430/Yotei+/internal/modules/group/interface/controller/group_controller.go:75.16,82.3 3 0
github.com/hryt430/Yotei+/internal/modules/group/interface/controller/group_controller.go:84.2,85.47 2 0
github.com/hryt430/Yotei+/internal/modules/group/interface/controller/group_controller.go:85.47,92.3 3 0
github.com/hryt430/Yotei+/internal/modules/group/interface/controller/group_controller.go:94.2,103.16 3 0
github.com/hryt430/Yotei+/internal/modules/group/interface/controller/group_controller.go:103.16,112.3 3 0
github.com/hryt430/Yotei+/internal/modules/group/interface/controller/group_controller.go:114.2,119.38 3 0
github.com/hryt430/Yotei+/internal/modules/group/interface/controller/group_controller.go:136.53,138.16 2 0
github.com/hryt430/Yotei+/internal/modules/group/interface/controller/group_controller.go:138.16,145.3 3 0
github.com/hryt430/Yotei+/internal/modules/group/interface/controller/group_controller.go:147.2,148.16 2 0
github.com/hryt430/Yotei+/internal/modules/group/interface/controller/group_controller.go:148.16,154.3 2 0
github.com/hryt430/Yotei+/internal/modules/group/interface/controller/group_controller.go:156.2,157.16 2 0
github.com/hryt430/Yotei+/internal/modules/group/interface/controller/group_controller.go:157.16,166.3 3 0
github.com/hryt430/Yotei+/internal/modules/group/interface/controller/group_controller.go:168.2,169.33 2 0
github.com/hryt430/Yotei+/internal/modules/group/interface/controller/group_controller.go:188.56,190.16 2 0
github.com/hryt430/Yotei+/internal/modules/group/interface/controller/group_controller.go:190.16,197.3 3 0
github.com/hryt430/Yotei+/internal/modules/group/interface/controller/group_controller.go:199.2,200.16 2 0
github.com/hryt430/Yotei+/internal/modules/group/interface/controller/group_controller.go:200.16,206.3 2 0
github.com/hryt430/Yotei+/internal/modules/group/interface/controller/group_controller.go:208.2,209.47 2 0
github.com/hryt430/Yotei+/internal/modules/group/interface/controller/group_controller.go:209.47,216.3 3 0
github.com/hryt430/Yotei+/internal/modules/group/interface/controller/group_controller.go:218.2,225.16 3 0
github.com/hryt430/Yotei+/internal/modules/group/interface/controller/group_controller.go:225.16,234.3 3 0
github.com/hryt430/Yotei+/internal/modules/group/interface/controller/group_controller.go:236.2,241.33 3 0
github.com/hryt430/Yotei+/internal/modules/group/interface/controller/group_controller.go:259.56,261.16 2 0
github.com/hryt430/Yotei+/internal/modules/group/interface/controller/group_controller.go:261.16,268.3 3 0
github.com/hryt430/Yotei+/internal/modules/group/interface/controller/group_controller.go:270.2,271.16 2 0
github.com/hryt430/Yotei+/internal/modules/group/interface/controller/group_controller.go:271.16,277.3 2 0
github.com/hryt430/Yotei+/internal/modules/group/interface/controller/group_controller.go:279.2,280.16 2 0
github.com/hryt430/Yotei+/internal/modules/group/interface/controller/group_controller.go:280.16,289.3 3 0
github.com/hryt430/Yotei+/internal/modules/group/interface/controller/group_controller.go:291.2,298.4 2 0
github.com/hryt430/Yotei+/internal/modules/group/interface/controller/group_controller.go:315.57,317.16 2 0
github.com/hryt430/Yotei+/internal/modules/group/interface/controller/group_controller.go:317.16,324.3 3 0
github.com/hryt430/Yotei+/internal/modules/group/interface/controller/group_controller.go:327.2,328.47 2 0
github.com/hryt430/Yotei+/internal/modules/group/interface/controller/group_controller.go:328.47,331.3 2 0
github.com/hryt430/Yotei+/internal/modules/group/interface/controller/group_controller.go:333.2,342.16 5 0
github.com/hryt430/Yotei+/internal/modules/group/interface/controller/group_controller.go:342.16,349.3 3 0
github.com/hryt430/Yotei+/internal/modules/group/interface/controller/group_controller.go:351.2,352.33 2 0
github.com/hryt430/Yotei+/internal/modules/group/interface/controller/group_controller.go:371.57,373.17 2 0
github.com/hryt430/Yotei+/internal/modules/group/interface/controller/group_controller.go:373.17,379.3 2 0
github.com/hryt430/Yotei+/internal/modules/group/interface/controller/group_controller.go:381.2,382.47 2 0
github.com/hryt430/Yotei+/internal/modules/group/interface/controller/group_controller.go:382.47,385.3 2 0
github.com/hryt430/Yotei+/internal/modules/group/interface/controller/group_controller.go:387.2,396.16 5 0
github.com/hryt430/Yotei+/internal/modules/group/interface/controller/group_controller.go:396.16,405.3 3 0
github.com/hryt430/Yotei+/internal/modules/group/interface/controller/group_controller.go:407.2,408.33 2 0
github.com/hryt430/Yotei+/internal/modules/group/interface/controller/group_controller.go:428.54,430.16 2 0
github.com/hryt430/Yotei+/internal/modules/group/interface/controller/group_controller.go:430.16,437.3 3 0
github.com/hryt430/Yotei+/internal/modules/group/interface/controller/group_controller.go:439.2,440.16 2 0
github.com/hryt430/Yotei+/internal/modules/group/interface/controller/group_controller.go:440.16,446.3 2 0
github.com/hryt430/Yotei+/internal/modules/group/interface/controller/group_controller.go:448.2,449.47 2 0
github.com/hryt430/Yotei+/internal/modules/group/interface/controller/group_controller.go:449.47,456.3 3 0
github.com/hryt430/Yotei+/internal/modules/group/interface/controller/group_controller.go:458.2,459.16 2 0
github.com/hryt430/Yotei+/internal/modules/group/interface/controller/group_controller.go:459.16,465.3 2 0
github.com/hryt430/Yotei+/internal/modules/group/interface/controller/group_controller.go:467.2,468.16 2 0
github.com/hryt430/Yotei+/internal/modules/group/interface/controller/group_controller.go:468.16,470.3 1 0
github.com/hryt430/Yotei+/internal/modules/group/interface/controller/group_controller.go:472.2,473.16 2 0
github.com/hryt430/Yotei+/internal/modules/group/interface/controller/group_controller.go:473.16,483.3 3 0
github.com/hryt430/Yotei+/internal/modules/group/interface/controller/group_controller.go:485.2,493.4 2 0
github.com/hryt430/Yotei+/internal/modules/group/interface/controller/group_controller.go:512.57,514.16 2 0
github.com/hryt430/Yotei+/internal/modules/group/interface/controller/group_controller.go:514.16,521.3 3 0
github.com/hryt430/Yotei+/internal/modules/group/interface/controller/group_controller.go:523.2,524.16 2 0
github.com/hryt430/Yotei+/internal/modules/group/interface/controller/group_controller.go:524.16,530.3 2 0
github.com/hryt430/Yotei+/internal/modules/group/interface/controller/group_controller.go:532.2,533.16 2 0
github.com/hryt430/Yotei+/internal/modules/group/interface/controller/group_controller.go:533.16,539.3 2 0
github.com/hryt430/Yotei+/internal/modules/group/interface/controller/group_controller.go:541.2,542.16 2 0
github.com/hryt430/Yotei+/internal/modules/group/interface/controller/group_controller.go:542.16,552.3 3 0
github.com/hryt430/Yotei+/internal/modules/group/interface/controller/group_controller.go:554.2,561.4 2 0
github.com/hryt430/Yotei+/internal/modules/group/interface/controller/group_controller.go:581.61,583.16 2 0
github.com/hryt430/Yotei+/internal/modules/group/interface/controller/group_controller.go:583.16,590.3 3 0
github.com/hryt430/Yotei+/internal/modules/group/interface/controller/group_controller.go:592.2,593.16 2 0
github.com/hryt430/Yotei+/internal/modules/group/interface/controller/group_controller.go:593.16,599.3 2 0
github.com/hryt430/Yotei+/internal/modules/group/interface/controller/group_controller.go:601.2,602.16 2 0
github.com/hryt430/Yotei+/internal/modules/group/interface/controller/group_controller.go:602.16,608.3 2 0
github.com/hryt430/Yotei+/internal/modules/group/interface/controller/group_controller.go:610.2,611.47 2 0
github.com/hryt430/Yotei+/internal/modules/group/interface/controller/group_controller.go:611.47,618.3 3 0
github.com/hryt430/Yotei+/internal/modules/group/interface/controller/group_controller.go:620.2,623.16 3 0
github.com/hryt430/Yotei+/internal/modules/group/interface/controller/group_controller.go:623.16,634.3 3 0
github.com/hryt430/Yotei+/internal/modules/group/interface/controller/group_controller.go:636.2,644.4 2 0
github.com/hryt430/Yotei+/internal/modules/group/interface/controller/group_controller.go:664.56,666.16 2 0
github.com/hryt430/Yotei+/internal/modules/group/interface/controller/group_controller.go:666.16,672.3 2 0
github.com/hryt430/Yotei+/internal/modules/group/interface/controller/group_controller.go:674.2,683.16 5 0
github.com/hryt430/Yotei+/internal/modules/group/interface/controller/group_controller.go:683.16,690.3 3 0
github.com/hryt430/Yotei+/internal/modules/group/interface/controller/group_controller.go:692.2,693.33 2 0
github.com/hryt430/Yotei+/internal/modules/group/interface/controller/group_controller.go:711.58,713.16 2 0
github.com/hryt430/Yotei+/internal/modules/group/interface/controller/group_controller.go:713.16,720.3 3 0
github.com/hryt430/Yotei+/internal/modules/group/interface/controller/group_controller.go:722.2,723.16 2 0
github.com/hryt430/Yotei+/internal/modules/group/interface/controller/group_controller.go:723.16,729.3 2 0
github.com/hryt430/Yotei+/internal/modules/group/interface/controller/group_controller.go:731.2,732.16 2 0
github.com/hryt430/Yotei+/internal/modules/group/interface/controller/group_controller.go:732.16,741.3 3 0
github.com/hryt430/Yotei+/internal/modules/group/interface/controller/group_controller.go:743.2,744.33 2 0
github.com/hryt430/Yotei+/internal/modules/group/interface/controller/group_controller.go:749.89,751.16 2 0
github.com/hryt430/Yotei+/internal/modules/group/interface/controller/group_controller.go:751.16,757.3 2 0
github.com/hryt430/Yotei+/internal/modules/group/interface/controller/group_controller.go:758.2,758.22 1 0
github.com/hryt430/Yotei+/internal/modules/group/interface/controller/group_controller.go:761.91,767.2 2 0
github.com/hryt430/Yotei+/internal/modules/group/interface/controller/group_controller.go:770.80,772.2 2 0
github.com/hryt430/Yotei+/internal/modules/group/interface/controller/group_controller.go:772.2,789.3 11 0
github.com/hryt430/Yotei+/internal/modules/group/interface/database/group_repository.go:21.88,26.2 1 0
github.com/hryt430/Yotei+/internal/modules/group/interface/database/group_repository.go:29.87,59.16 3 0
github.com/hryt430/Yotei+/internal/modules/group/interface/database/group_repository.go:59.16,62.3 2 0
github.com/hryt430/Yotei+/internal/modules/group/interface/database/group_repository.go:65.2,66.33 2 0
github.com/hryt430/Yotei+/internal/modules/group/interface/database/group_repository.go:70.98,104.16 6 0
github.com/hryt430/Yotei+/internal/modules/group/interface/database/group_repository.go:104.16,105.27 1 0
github.com/hryt430/Yotei+/internal/modules/group/interface/database/group_repository.go:105.27,107.4 1 0
github.com/hryt430/Yotei+/internal/modules/group/interface/database/group_repository.go:108.3,109.57 2 0
github.com/hryt430/Yotei+/internal/modules/group/interface/database/group_repository.go:112.2,116.31 3 0
github.com/hryt430/Yotei+/internal/modules/group/interface/database/group_repository.go:116.31,118.3 1 0
github.com/hryt430/Yotei+/internal/modules/group/interface/database/group_repository.go:119.2,119.32 1 0
github.com/hryt430/Yotei+/internal/modules/group/interface/database/group_repository.go:119.32,121.3 1 0
github.com/hryt430/Yotei+/internal/modules/group/interface/database/group_repository.go:122.2,122.28 1 0
github.com/hryt430/Yotei+/internal/modules/group/interface/database/group_repository.go:122.28,124.3 1 0
github.com/hryt430/Yotei+/internal/modules/group/interface/database/group_repository.go:125.2,125.32 1 0
github.com/hryt430/Yotei+/internal/modules/group/interface/database/group_repository.go:125.32,127.3 1 0
github.com/hryt430/Yotei+/internal/modules/group/interface/database/group_repository.go:129.2,129.20 1 0
github.com/hryt430/Yotei+/internal/modules/group/interface/database/group_repository.go:133.87,163.16 4 0
github.com/hryt430/Yotei+/internal/modules/group/interface/database/group_repository.go:163.16,166.3 2 0
github.com/hryt430/Yotei+/internal/modules/group/interface/database/group_repository.go:168.2,169.16 2 0
github.com/hryt430/Yotei+/internal/modules/group/interface/database/group_repository.go:169.16,171.3 1 0
github.com/hryt430/Yotei+/internal/modules/group/interface/database/group_repository.go:173.2,173.23 1 0
github.com/hryt430/Yotei+/internal/modules/group/interface/database/group_repository.go:173.23,175.3 1 0
github.com/hryt430/Yotei+/internal/modules/group/interface/database/group_repository.go:177.2,177.12 1 0
github.com/hryt430/Yotei+/internal/modules/group/interface/database/group_repository.go:181.80,183.16 2 0
github.com/hryt430/Yotei+/internal/modules/group/interface/database/group_repository.go:183.16,185.3 1 0
github.com/hryt430/Yotei+/internal/modules/group/interface/database/group_repository.go:186.2,190.16 3 0
github.com/hryt430/Yotei+/internal/modules/group/interface/database/group_repository.go:190.16,193.3 2 0
github.com/hryt430/Yotei+/internal/modules/group/interface/database/group_repository.go:196.2,197.16 2 0
github.com/hryt430/Yotei+/internal/modules/group/interface/database/group_repository.go:197.16,200.3 2 0
github.com/hryt430/Yotei+/internal/modules/group/interface/database/group_repository.go:202.2,202.20 1 0
github.com/hryt430/Yotei+/internal/modules/group/interface/database/group_repository.go:206.151,211.16 4 0
github.com/hryt430/Yotei+/internal/modules/group/interface/database/group_repository.go:211.16,214.3 2 0
github.com/hryt430/Yotei+/internal/modules/group/interface/database/group_repository.go:217.2,227.16 4 0
github.com/hryt430/Yotei+/internal/modules/group/interface/database/group_repository.go:227.16,230.3 2 0
github.com/hryt430/Yotei+/internal/modules/group/interface/database/group_repository.go:231.2,234.16 3 0
github.com/hryt430/Yotei+/internal/modules/group/interface/database/group_repository.go:234.16,236.3 1 0
github.com/hryt430/Yotei+/internal/modules/group/interface/database/group_repository.go:238.2,238.27 1 0
github.com/hryt430/Yotei+/internal/modules/group/interface/database/group_repository.go:242.151,252.16 4 0
github.com/hryt430/Yotei+/internal/modules/group/interface/database/group_repository.go:252.16,255.3 2 0
github.com/hryt430/Yotei+/internal/modules/group/interface/database/group_repository.go:258.2,269.16 4 0
github.com/hryt430/Yotei+/internal/modules/group/interface/database/group_repository.go:269.16,272.3 2 0
github.com/hryt430/Yotei+/internal/modules/group/interface/database/group_repository.go:273.2,276.16 3 0
github.com/hryt430/Yotei+/internal/modules/group/interface/database/group_repository.go:276.16,278.3 1 0
github.com/hryt430/Yotei+/internal/modules/group/interface/database/group_repository.go:280.2,280.27 1 0
github.com/hryt430/Yotei+/internal/modules/group/interface/database/group_repository.go:284.170,289.22 3 0
github.com/hryt430/Yotei+/internal/modules/group/interface/database/group_repository.go:289.22,292.3 2 0
github.com/hryt430/Yotei+/internal/modules/group/interface/database/group_repository.go:294.2,300.16 5 0
github.com/hryt430/Yotei+/internal/modules/group/interface/database/group_repository.go:300.16,303.3 2 0
github.com/hryt430/Yotei+/internal/modules/group/interface/database/group_repository.go:306.2,318.16 5 0
github.com/hryt430/Yotei+/internal/modules/group/interface/database/group_repository.go:318.16,321.3 2 0
github.com/hryt430/Yotei+/internal/modules/group/interface/database/group_repository.go:322.2,325.16 3 0
github.com/hryt430/Yotei+/internal/modules/group/interface/database/group_repository.go:325.16,327.3 1 0
github.com/hryt430/Yotei+/internal/modules/group/interface/database/group_repository.go:329.2,329.27 1 0
github.com/hryt430/Yotei+/internal/modules/group/interface/database/group_repository.go:333.92,348.16 3 0
github.com/hryt430/Yotei+/internal/modules/group/interface/database/group_repository.go:348.16,351.3 2 0
github.com/hryt430/Yotei+/internal/modules/group/interface/database/group_repository.go:353.2,353.12 1 0
github.com/hryt430/Yotei+/internal/modules/group/interface/database/group_repository.go:357.114,376.16 5 0
github.com/hryt430/Yotei+/internal/modules/group/interface/database/group_repository.go:376.16,377.27 1 0
github.com/hryt430/Yotei+/internal/modules/group/interface/database/group_repository.go:377.27,379.4 1 0
github.com/hryt430/Yotei+/internal/modules/group/interface/database/group_repository.go:380.3,381.58 2 0
github.com/hryt430/Yotei+/internal/modules/group/interface/database/group_repository.go:384.2,388.21 4 0
github.com/hryt430/Yotei+/internal/modules/group/interface/database/group_repository.go:392.122,406.16 3 0
github.com/hryt430/Yotei+/internal/modules/group/interface/database/group_repository.go:406.16,409.3 2 0
github.com/hryt430/Yotei+/internal/modules/group/interface/database/group_repository.go:411.2,411.12 1 0
github.com/hryt430/Yotei+/internal/modules/group/interface/database/group_repository.go:415.94,419.16 3 0
github.com/hryt430/Yotei+/internal/modules/group/interface/database/group_repository.go:419.16,422.3 2 0
github.com/hryt430/Yotei+/internal/modules/group/interface/database/group_repository.go:424.2,424.12 1 0
github.com/hryt430/Yotei+/internal/modules/group/interface/database/group_repository.go:428.146,439.16 4 0
github.com/hryt430/Yotei+/internal/modules/group/interface/database/group_repository.go:439.16,442.3 2 0
github.com/hryt430/Yotei+/internal/modules/group/interface/database/group_repository.go:443.2,446.18 3 0
github.com/hryt430/Yotei+/internal/modules/group/interface/database/group_repository.go:446.18,458.17 4 0
github.com/hryt430/Yotei+/internal/modules/group/interface/database/group_repository.go:458.17,461.4 2 0
github.com/hryt430/Yotei+/internal/modules/group/interface/database/group_repository.go:463.3,467.37 4 0
github.com/hryt430/Yotei+/internal/modules/group/interface/database/group_repository.go:470.2,470.21 1 0
github.com/hryt430/Yotei+/internal/modules/group/interface/database/group_repository.go:474.98,479.16 4 0
github.com/hryt430/Yotei+/internal/modules/group/interface/database/group_repository.go:479.16,482.3 2 0
github.com/hryt430/Yotei+/internal/modules/group/interface/database/group_repository.go:484.2,484.23 1 0
github.com/hryt430/Yotei+/internal/modules/group/interface/database/group_repository.go:488.116,493.16 4 0
github.com/hryt430/Yotei+/internal/modules/group/interface/database/group_repository.go:493.16,494.27 1 0
github.com/hryt430/Yotei+/internal/modules/group/interface/database/group_repository.go:494.27,496.4 1 0
github.com/hryt430/Yotei+/internal/modules/group/interface/database/group_repository.go:497.3,498.62 2 0
github.com/hryt430/Yotei+/internal/modules/group/interface/database/group_repository.go:501.2,501.37 1 0
github.com/hryt430/Yotei+/internal/modules/group/interface/database/group_repository.go:505.95,510.16 4 0
github.com/hryt430/Yotei+/internal/modules/group/interface/database/group_repository.go:510.16,513.3 2 0
github.com/hryt430/Yotei+/internal/modules/group/interface/database/group_repository.go:515.2,515.19 1 0
github.com/hryt430/Yotei+/internal/modules/group/interface/database/group_repository.go:519.109,524.16 3 0
github.com/hryt430/Yotei+/internal/modules/group/interface/database/group_repository.go:524.16,526.3 1 0
github.com/hryt430/Yotei+/internal/modules/group/interface/database/group_repository.go:527.2,533.19 3 0
github.com/hryt430/Yotei+/internal/modules/group/interface/database/group_repository.go:538.79,541.18 2 0
github.com/hryt430/Yotei+/internal/modules/group/interface/database/group_repository.go:541.18,558.17 5 0
github.com/hryt430/Yotei+/internal/modules/group/interface/database/group_repository.go:558.17,561.4 2 0
github.com/hryt430/Yotei+/internal/modules/group/interface/database/group_repository.go:563.3,567.34 4 0
github.com/hryt430/Yotei+/internal/modules/group/interface/database/group_repository.go:570.2,570.20 1 0
github.com/hryt430/Yotei+/internal/modules/group/interface/database/group_repository.go:573.85,594.2 1 0
github.com/hryt430/Yotei+/internal/modules/group/interface/database/group_repository.go:596.89,608.2 1 0
github.com/hryt430/Yotei+/internal/modules/group/interface/dto/group_dto.go:97.58,110.2 1 0
github.com/hryt430/Yotei+/internal/modules/group/interface/dto/group_dto.go:112.108,116.50 3 0
github.com/hryt430/Yotei+/internal/modules/group/interface/dto/group_dto.go:116.50,118.29 2 0
github.com/hryt430/Yotei+/internal/modules/group/interface/dto/group_dto.go:118.29,124.4 1 0
github.com/hryt430/Yotei+/internal/modules/group/interface/dto/group_dto.go:125.3,132.4 1 0
github.com/hryt430/Yotei+/internal/modules/group/interface/dto/group_dto.go:135.2,139.3 1 0
github.com/hryt430/Yotei+/internal/modules/group/interface/dto/group_dto.go:142.96,144.31 2 0
github.com/hryt430/Yotei+/internal/modules/group/interface/dto/group_dto.go:144.31,146.3 1 0
github.com/hryt430/Yotei+/internal/modules/group/interface/dto/group_dto.go:148.2,149.24 2 0
github.com/hryt430/Yotei+/internal/modules/group/interface/dto/group_dto.go:149.24,151.3 1 0
github.com/hryt430/Yotei+/internal/modules/group/interface/dto/group_dto.go:153.2,161.3 1 0
github.com/hryt430/Yotei+/internal/modules/group/interface/dto/group_dto.go:164.91,166.33 2 0
github.com/hryt430/Yotei+/internal/modules/group/interface/dto/group_dto.go:166.33,168.29 2 0
github.com/hryt430/Yotei+/internal/modules/group/interface/dto/group_dto.go:168.29,174.4 1 0
github.com/hryt430/Yotei+/internal/modules/group/interface/dto/group_dto.go:175.3,182.4 1 0
github.com/hryt430/Yotei+/internal/modules/group/interface/dto/group_dto.go:185.2,187.3 1 0
github.com/hryt430/Yotei+/internal/modules/group/interface/dto/group_dto.go:190.73,197.2 1 0
github.com/hryt430/Yotei+/internal/modules/auth/domain/user.go:30.54,43.2 2 1
github.com/hryt430/Yotei+/internal/modules/auth/domain/user.go:46.43,47.43 1 1
github.com/hryt430/Yotei+/internal/modules/auth/domain/user.go:47.43,49.3 1 1
github.com/hryt430/Yotei+/internal/modules/auth/domain/user.go:50.2,52.12 3 1
github.com/hryt430/Yotei+/internal/modules/auth/domain/user.go:56.34,60.2 3 1
github.com/hryt430/Yotei+/internal/modules/auth/domain/user.go:63.31,65.2 1 1
github.com/hryt430/Yotei+/internal/modules/auth/domain/user.go:79.102,91.2 2 1
github.com/hryt430/Yotei+/internal/modules/auth/domain/user.go:94.42,96.2 1 1
github.com/hryt430/Yotei+/internal/modules/auth/domain/user.go:99.42,101.2 1 1
github.com/hryt430/Yotei+/internal/modules/auth/domain/user.go:104.34,108.2 3 1
github.com/hryt430/Yotei+/internal/modules/group/usecase/mocks/mock_repositories.go:30.75,34.2 3 0
github.com/hryt430/Yotei+/internal/modules/group/usecase/mocks/mock_repositories.go:37.73,39.2 1 0
github.com/hryt430/Yotei+/internal/modules/group/usecase/mocks/mock_repositories.go:42.96,47.2 4 0
github.com/hryt430/Yotei+/internal/modules/group/usecase/mocks/mock_repositories.go:50.91,53.2 2 0
github.com/hryt430/Yotei+/internal/modules/group/usecase/mocks/mock_repositories.go:56.92,61.2 4 0
github.com/hryt430/Yotei+/internal/modules/group/usecase/mocks/mock_repositories.go:64.93,67.2 2 0
github.com/hryt430/Yotei+/internal/modules/group/usecase/mocks/mock_repositories.go:70.87,75.2 4 0
github.com/hryt430/Yotei+/internal/modules/group/usecase/mocks/mock_repositories.go:78.93,81.2 2 0
github.com/hryt430/Yotei+/internal/modules/group/usecase/mocks/mock_repositories.go:84.106,90.2 5 0
github.com/hryt430/Yotei+/internal/modules/group/usecase/mocks/mock_repositories.go:93.94,96.2 2 0
github.com/hryt430/Yotei+/internal/modules/group/usecase/mocks/mock_repositories.go:99.112,105.2 5 0
github.com/hryt430/Yotei+/internal/modules/group/usecase/mocks/mock_repositories.go:108.95,111.2 2 0
github.com/hryt430/Yotei+/internal/modules/group/usecase/mocks/mock_repositories.go:114.115,120.2 5 0
github.com/hryt430/Yotei+/internal/modules/group/usecase/mocks/mock_repositories.go:123.97,126.2 2 0
github.com/hryt430/Yotei+/internal/modules/group/usecase/mocks/mock_repositories.go:129.97,135.2 5 0
github.com/hryt430/Yotei+/internal/modules/group/usecase/mocks/mock_repositories.go:138.96,141.2 2 0
github.com/hryt430/Yotei+/internal/modules/group/usecase/mocks/mock_repositories.go:144.117,150.2 5 0
github.com/hryt430/Yotei+/internal/modules/group/usecase/mocks/mock_repositories.go:153.101,156.2 2 0
github.com/hryt430/Yotei+/internal/modules/group/usecase/mocks/mock_repositories.go:159.98,165.2 5 0
github.com/hryt430/Yotei+/internal/modules/group/usecase/mocks/mock_repositories.go:168.96,171.2 2 0
github.com/hryt430/Yotei+/internal/modules/group/usecase/mocks/mock_repositories.go:174.143,181.2 6 0
github.com/hryt430/Yotei+/internal/modules/group/usecase/mocks/mock_repositories.go:184.106,187.2 2 0
github.com/hryt430/Yotei+/internal/modules/group/usecase/mocks/mock_repositories.go:190.142,197.2 6 0
github.com/hryt430/Yotei+/internal/modules/group/usecase/mocks/mock_repositories.go:200.105,203.2 2 0
github.com/hryt430/Yotei+/internal/modules/group/usecase/mocks/mock_repositories.go:206.137,212.2 5 0
github.com/hryt430/Yotei+/internal/modules/group/usecase/mocks/mock_repositories.go:215.99,218.2 2 0
github.com/hryt430/Yotei+/internal/modules/group/usecase/mocks/mock_repositories.go:221.94,226.2 4 0
github.com/hryt430/Yotei+/internal/modules/group/usecase/mocks/mock_repositories.go:229.100,232.2 2 0
github.com/hryt430/Yotei+/internal/modules/group/usecase/mocks/mock_repositories.go:235.159,242.2 6 0
github.com/hryt430/Yotei+/internal/modules/group/usecase/mocks/mock_repositories.go:245.106,248.2 2 0
github.com/hryt430/Yotei+/internal/modules/group/usecase/mocks/mock_repositories.go:251.92,256.2 4 0
github.com/hryt430/Yotei+/internal/modules/group/usecase/mocks/mock_repositories.go:259.93,262.2 2 0
github.com/hryt430/Yotei+/internal/modules/group/usecase/mocks/mock_repositories.go:265.123,270.2 4 0
github.com/hryt430/Yotei+/internal/modules/group/usecase/mocks/mock_repositories.go:273.110,276.2 2 0
github.com/hryt430/Yotei+/internal/modules/group/usecase/mocks/mock_user_validator.go:27.71,31.2 3 0
github.com/hryt430/Yotei+/internal/modules/group/usecase/mocks/mock_user_validator.go:34.69,36.2 1 0
github.com/hryt430/Yotei+/internal/modules/group/usecase/mocks/mock_user_validator.go:39.102,45.2 5 0
github.com/hryt430/Yotei+/internal/modules/group/usecase/mocks/mock_user_validator.go:48.91,51.2 2 0
github.com/hryt430/Yotei+/internal/modules/group/usecase/mocks/mock_user_validator.go:54.121,60.2 5 0
github.com/hryt430/Yotei+/internal/modules/group/usecase/mocks/mock_user_validator.go:63.97,66.2 2 0
github.com/hryt430/Yotei+/internal/modules/group/usecase/mocks/mock_user_validator.go:69.89,75.2 5 0
github.com/hryt430/Yotei+/internal/modules/group/usecase/mocks/mock_user_validator.go:78.90,81.2 2 0
github.com/hryt430/Yotei+/internal/modules/notification/infrastructure/database/sqlhandler.go:18.33,20.16 2 0
github.com/hryt430/Yotei+/internal/modules/notification/infrastructure/database/sqlhandler.go:20.16,21.21 1 0
github.com/hryt430/Yotei+/internal/modules/notification/infrastructure/database/sqlhandler.go:25.2,26.16 2 0
github.com/hryt430/Yotei+/internal/modules/notification/infrastructure/database/sqlhandler.go:26.16,27.21 1 0
github.com/hryt430/Yotei+/internal/modules/notification/infrastructure/database/sqlhandler.go:30.2,32.20 3 0
github.com/hryt430/Yotei+/internal/modules/notification/infrastructure/database/sqlhandler.go:35.100,38.16 3 0
github.com/hryt430/Yotei+/internal/modules/notification/infrastructure/database/sqlhandler.go:38.16,40.3 1 0
github.com/hryt430/Yotei+/internal/modules/notification/infrastructure/database/sqlhandler.go:41.2,42.17 2 0
github.com/hryt430/Yotei+/internal/modules/notification/infrastructure/database/sqlhandler.go:45.96,47.16 2 0
github.com/hryt430/Yotei+/internal/modules/notification/infrastructure/database/sqlhandler.go:47.16,49.3 1 0
github.com/hryt430/Yotei+/internal/modules/notification/infrastructure/database/sqlhandler.go:50.2,52.24 3 0
github.com/hryt430/Yotei+/internal/modules/notification/infrastructure/database/sqlhandler.go:55.42,57.2 1 0
github.com/hryt430/Yotei+/internal/modules/notification/infrastructure/database/sqlhandler.go:59.121,61.16 2 0
github.com/hryt430/Yotei+/internal/modules/notification/infrastructure/database/sqlhandler.go:61.16,63.3 1 0
github.com/hryt430/Yotei+/internal/modules/notification/infrastructure/database/sqlhandler.go:64.2,64.40 1 0
github.com/hryt430/Yotei+/internal/modules/notification/infrastructure/database/sqlhandler.go:67.120,69.16 2 0
github.com/hryt430/Yotei+/internal/modules/notification/infrastructure/database/sqlhandler.go:69.16,71.3 1 0
github.com/hryt430/Yotei+/internal/modules/notification/infrastructure/database/sqlhandler.go:72.2,72.34 1 0
github.com/hryt430/Yotei+/internal/modules/notification/infrastructure/database/sqlhandler.go:75.113,78.2 2 0
github.com/hryt430/Yotei+/internal/modules/notification/infrastructure/database/sqlhandler.go:84.50,86.2 1 0
github.com/hryt430/Yotei+/internal/modules/notification/infrastructure/database/sqlhandler.go:88.50,90.2 1 0
github.com/hryt430/Yotei+/internal/modules/notification/infrastructure/database/sqlhandler.go:96.50,98.2 1 0
github.com/hryt430/Yotei+/internal/modules/notification/infrastructure/database/sqlhandler.go:100.30,102.2 1 0
github.com/hryt430/Yotei+/internal/modules/notification/infrastructure/database/sqlhandler.go:104.32,106.2 1 0
github.com/hryt430/Yotei+/internal/modules/notification/infrastructure/database/sqlhandler.go:108.30,110.2 1 0
github.com/hryt430/Yotei+/internal/modules/notification/infrastructure/database/sqlhandler.go:116.49,118.2 1 0
github.com/hryt430/Yotei+/internal/modules/auth/usecase/token/application_service.go:24.17,31.2 1 1
github.com/hryt430/Yotei+/internal/modules/auth/usecase/token/application_service.go:33.68,36.16 2 1
github.com/hryt430/Yotei+/internal/modules/auth/usecase/token/application_service.go:36.16,38.3 1 1
github.com/hryt430/Yotei+/internal/modules/auth/usecase/token/application_service.go:41.2,43.13 3 1
github.com/hryt430/Yotei+/internal/modules/auth/usecase/token/application_service.go:43.13,45.3 1 0
github.com/hryt430/Yotei+/internal/modules/auth/usecase/token/application_service.go:48.2,48.65 1 1
github.com/hryt430/Yotei+/internal/modules/auth/usecase/token/application_service.go:51.79,61.2 2 1
github.com/hryt430/Yotei+/internal/modules/auth/usecase/token/application_service.go:63.80,66.16 2 1
github.com/hryt430/Yotei+/internal/modules/auth/usecase/token/application_service.go:66.16,68.3 1 0
github.com/hryt430/Yotei+/internal/modules/auth/usecase/token/application_service.go:71.2,81.73 2 1
github.com/hryt430/Yotei+/internal/modules/auth/usecase/token/application_service.go:81.73,83.3 1 1
github.com/hryt430/Yotei+/internal/modules/auth/usecase/token/application_service.go:85.2,85.29 1 1
github.com/hryt430/Yotei+/internal/modules/auth/usecase/token/application_service.go:88.87,90.55 1 1
github.com/hryt430/Yotei+/internal/modules/auth/usecase/token/application_service.go:90.55,92.3 1 1
github.com/hryt430/Yotei+/internal/modules/auth/usecase/token/application_service.go:95.2,95.41 1 1
github.com/hryt430/Yotei+/internal/modules/auth/usecase/token/application_service.go:99.89,101.16 2 1
github.com/hryt430/Yotei+/internal/modules/auth/usecase/token/application_service.go:101.16,103.3 1 1
github.com/hryt430/Yotei+/internal/modules/auth/usecase/token/application_service.go:104.2,104.25 1 1
github.com/hryt430/Yotei+/internal/modules/auth/usecase/token/application_service.go:104.25,106.3 1 1
github.com/hryt430/Yotei+/internal/modules/auth/usecase/token/application_service.go:109.2,109.35 1 1
github.com/hryt430/Yotei+/internal/modules/auth/usecase/token/application_service.go:109.35,111.3 1 1
github.com/hryt430/Yotei+/internal/modules/auth/usecase/token/application_service.go:114.2,114.46 1 1
github.com/hryt430/Yotei+/internal/modules/auth/usecase/token/application_service.go:114.46,116.3 1 1
github.com/hryt430/Yotei+/internal/modules/auth/usecase/token/application_service.go:118.2,118.26 1 1
github.com/hryt430/Yotei+/internal/modules/auth/usecase/token/application_service.go:122.96,141.73 4 1
github.com/hryt430/Yotei+/internal/modules/auth/usecase/token/application_service.go:141.73,143.3 1 1
github.com/hryt430/Yotei+/internal/modules/auth/usecase/token/application_service.go:145.2,145.26 1 1
github.com/hryt430/Yotei+/internal/modules/auth/usecase/token/application_service.go:149.56,151.2 1 1
github.com/hryt430/Yotei+/internal/modules/auth/usecase/token/application_service.go:154.53,156.2 1 1
github.com/hryt430/Yotei+/internal/modules/auth/usecase/token/application_service.go:157.64,159.2 1 1
github.com/hryt430/Yotei+/internal/modules/notification/infrastructure/gateway/app_gateway.go:29.33,36.2 1 0
github.com/hryt430/Yotei+/internal/modules/notification/infrastructure/gateway/app_gateway.go:39.137,50.61 2 0
github.com/hryt430/Yotei+/internal/modules/notification/infrastructure/gateway/app_gateway.go:50.61,53.3 2 0
github.com/hryt430/Yotei+/internal/modules/notification/infrastructure/gateway/app_gateway.go:56.2,56.20 1 0
github.com/hryt430/Yotei+/internal/modules/notification/infrastructure/gateway/app_gateway.go:56.20,59.3 2 0
github.com/hryt430/Yotei+/internal/modules/notification/infrastructure/gateway/app_gateway.go:61.2,61.12 1 0
github.com/hryt430/Yotei+/internal/modules/notification/infrastructure/gateway/app_gateway.go:65.95,66.90 1 0
github.com/hryt430/Yotei+/internal/modules/notification/infrastructure/gateway/app_gateway.go:66.90,69.3 2 0
github.com/hryt430/Yotei+/internal/modules/notification/infrastructure/gateway/app_gateway.go:71.2,72.12 2 0
github.com/hryt430/Yotei+/internal/modules/notification/infrastructure/gateway/app_gateway.go:76.98,78.16 2 0
github.com/hryt430/Yotei+/internal/modules/notification/infrastructure/gateway/app_gateway.go:78.16,81.3 2 0
github.com/hryt430/Yotei+/internal/modules/notification/infrastructure/gateway/app_gateway.go:83.2,83.19 1 0
github.com/hryt430/Yotei+/internal/modules/notification/infrastructure/gateway/line_gateway.go:36.97,44.2 1 0
github.com/hryt430/Yotei+/internal/modules/notification/infrastructure/gateway/line_gateway.go:47.126,49.9 2 0
github.com/hryt430/Yotei+/internal/modules/notification/infrastructure/gateway/line_gateway.go:49.9,52.3 2 0
github.com/hryt430/Yotei+/internal/modules/notification/infrastructure/gateway/line_gateway.go:54.2,54.68 1 0
github.com/hryt430/Yotei+/internal/modules/notification/infrastructure/gateway/line_gateway.go:58.99,75.16 4 0
github.com/hryt430/Yotei+/internal/modules/notification/infrastructure/gateway/line_gateway.go:75.16,78.3 2 0
github.com/hryt430/Yotei+/internal/modules/notification/infrastructure/gateway/line_gateway.go:81.2,82.16 2 0
github.com/hryt430/Yotei+/internal/modules/notification/infrastructure/gateway/line_gateway.go:82.16,85.3 2 0
github.com/hryt430/Yotei+/internal/modules/notification/infrastructure/gateway/line_gateway.go:88.2,93.16 4 0
github.com/hryt430/Yotei+/internal/modules/notification/infrastructure/gateway/line_gateway.go:93.16,96.3 2 0
github.com/hryt430/Yotei+/internal/modules/notification/infrastructure/gateway/line_gateway.go:97.2,100.38 2 0
github.com/hryt430/Yotei+/internal/modules/notification/infrastructure/gateway/line_gateway.go:100.38,103.3 2 0
github.com/hryt430/Yotei+/internal/modules/notification/infrastructure/gateway/line_gateway.go:105.2,106.12 2 0
github.com/hryt430/Yotei+/internal/modules/notification/infrastructure/messaging/messaging.go:31.67,36.2 1 0
github.com/hryt430/Yotei+/internal/modules/notification/infrastructure/messaging/messaging.go:39.98,42.47 2 0
github.com/hryt430/Yotei+/internal/modules/notification/infrastructure/messaging/messaging.go:42.47,43.42 1 0
github.com/hryt430/Yotei+/internal/modules/notification/infrastructure/messaging/messaging.go:43.42,45.4 1 0
github.com/hryt430/Yotei+/internal/modules/notification/infrastructure/messaging/messaging.go:48.2,48.12 1 0
github.com/hryt430/Yotei+/internal/modules/notification/infrastructure/messaging/messaging.go:52.112,56.2 3 0
github.com/hryt430/Yotei+/internal/modules/notification/infrastructure/messaging/messaging.go:59.47,62.2 2 0
github.com/hryt430/Yotei+/internal/modules/notification/infrastructure/messaging/messaging.go:77.86,82.2 1 0
github.com/hryt430/Yotei+/internal/modules/notification/infrastructure/messaging/messaging.go:85.124,92.16 3 0
github.com/hryt430/Yotei+/internal/modules/notification/infrastructure/messaging/messaging.go:92.16,94.3 1 0
github.com/hryt430/Yotei+/internal/modules/notification/infrastructure/messaging/messaging.go:96.2,97.43 2 0
github.com/hryt430/Yotei+/internal/modules/notification/infrastructure/messaging/messaging.go:101.115,103.2 1 0
github.com/hryt430/Yotei+/internal/modules/notification/infrastructure/messaging/messaging.go:106.116,112.2 2 0
github.com/hryt430/Yotei+/internal/modules/notification/infrastructure/messaging/messaging.go:115.126,118.2 2 0
github.com/hryt430/Yotei+/internal/modules/notification/infrastructure/messaging/messaging.go:121.41,123.2 1 0
github.com/hryt430/Yotei+/internal/modules/notification/infrastructure/messaging/notification_scheduler.go:42.33,49.2 1 0
github.com/hryt430/Yotei+/internal/modules/notification/infrastructure/messaging/notification_scheduler.go:52.67,53.17 1 0
github.com/hryt430/Yotei+/internal/modules/notification/infrastructure/messaging/notification_scheduler.go:53.17,56.3 2 0
github.com/hryt430/Yotei+/internal/modules/notification/infrastructure/messaging/notification_scheduler.go:58.2,66.12 5 0
github.com/hryt430/Yotei+/internal/modules/notification/infrastructure/messaging/notification_scheduler.go:66.12,67.16 1 0
github.com/hryt430/Yotei+/internal/modules/notification/infrastructure/messaging/notification_scheduler.go:67.16,70.4 2 0
github.com/hryt430/Yotei+/internal/modules/notification/infrastructure/messaging/notification_scheduler.go:72.3,72.7 1 0
github.com/hryt430/Yotei+/internal/modules/notification/infrastructure/messaging/notification_scheduler.go:72.7,73.11 1 0
github.com/hryt430/Yotei+/internal/modules/notification/infrastructure/messaging/notification_scheduler.go:74.22,75.34 1 0
github.com/hryt430/Yotei+/internal/modules/notification/infrastructure/messaging/notification_scheduler.go:76.20,78.11 2 0
github.com/hryt430/Yotei+/internal/modules/notification/infrastructure/messaging/notification_scheduler.go:79.22,81.11 2 0
github.com/hryt430/Yotei+/internal/modules/notification/infrastructure/messaging/notification_scheduler.go:88.47,89.18 1 0
github.com/hryt430/Yotei+/internal/modules/notification/infrastructure/messaging/notification_scheduler.go:89.18,91.3 1 0
github.com/hryt430/Yotei+/internal/modules/notification/infrastructure/messaging/notification_scheduler.go:93.2,94.59 2 0
github.com/hryt430/Yotei+/internal/modules/notification/infrastructure/messaging/notification_scheduler.go:98.84,107.16 5 0
github.com/hryt430/Yotei+/internal/modules/notification/infrastructure/messaging/notification_scheduler.go:107.16,110.3 2 0
github.com/hryt430/Yotei+/internal/modules/notification/infrastructure/messaging/notification_scheduler.go:112.2,115.29 2 0
github.com/hryt430/Yotei+/internal/modules/notification/infrastructure/messaging/notification_scheduler.go:115.29,116.65 1 0
github.com/hryt430/Yotei+/internal/modules/notification/infrastructure/messaging/notification_scheduler.go:116.65,120.12 2 0
github.com/hryt430/Yotei+/internal/modules/notification/infrastructure/messaging/notification_scheduler.go:126.134,148.16 6 0
github.com/hryt430/Yotei+/internal/modules/notification/infrastructure/messaging/notification_scheduler.go:148.16,150.3 1 0
github.com/hryt430/Yotei+/internal/modules/notification/infrastructure/messaging/notification_scheduler.go:153.2,153.29 1 0
github.com/hryt430/Yotei+/internal/modules/notification/infrastructure/messaging/notification_scheduler.go:153.29,154.70 1 0
github.com/hryt430/Yotei+/internal/modules/notification/infrastructure/messaging/notification_scheduler.go:154.70,156.45 1 0
github.com/hryt430/Yotei+/internal/modules/notification/infrastructure/messaging/notification_scheduler.go:156.45,158.5 1 0
github.com/hryt430/Yotei+/internal/modules/notification/infrastructure/messaging/notification_scheduler.go:162.2,162.29 1 0
github.com/hryt430/Yotei+/internal/modules/notification/infrastructure/messaging/notification_scheduler.go:166.108,167.25 1 0
github.com/hryt430/Yotei+/internal/modules/notification/infrastructure/messaging/notification_scheduler.go:167.25,169.3 1 0
github.com/hryt430/Yotei+/internal/modules/notification/infrastructure/messaging/notification_scheduler.go:172.2,172.57 1 0
github.com/hryt430/Yotei+/internal/modules/notification/infrastructure/messaging/notification_scheduler.go:172.57,174.3 1 0
github.com/hryt430/Yotei+/internal/modules/notification/infrastructure/messaging/notification_scheduler.go:176.2,176.14 1 0
github.com/hryt430/Yotei+/internal/modules/notification/infrastructure/messaging/notification_scheduler.go:180.127,182.28 1 0
github.com/hryt430/Yotei+/internal/modules/notification/infrastructure/messaging/notification_scheduler.go:182.28,184.3 1 0
github.com/hryt430/Yotei+/internal/modules/notification/infrastructure/messaging/notification_scheduler.go:187.2,221.16 8 0
github.com/hryt430/Yotei+/internal/modules/notification/infrastructure/messaging/notification_scheduler.go:221.16,223.3 1 0
github.com/hryt430/Yotei+/internal/modules/notification/infrastructure/messaging/notification_scheduler.go:225.2,230.12 2 0
github.com/hryt430/Yotei+/internal/modules/notification/infrastructure/messaging/notification_scheduler.go:243.21,248.2 1 0
github.com/hryt430/Yotei+/internal/modules/notification/infrastructure/messaging/notification_scheduler.go:251.97,252.28 1 0
github.com/hryt430/Yotei+/internal/modules/notification/infrastructure/messaging/notification_scheduler.go:252.28,254.3 1 0
github.com/hryt430/Yotei+/internal/modules/notification/infrastructure/messaging/notification_scheduler.go:256.2,264.25 3 0
github.com/hryt430/Yotei+/internal/modules/notification/infrastructure/messaging/notification_scheduler.go:264.25,266.3 1 0
github.com/hryt430/Yotei+/internal/modules/notification/infrastructure/messaging/notification_scheduler.go:268.2,285.16 4 0
github.com/hryt430/Yotei+/internal/modules/notification/infrastructure/messaging/notification_scheduler.go:285.16,287.3 1 0
github.com/hryt430/Yotei+/internal/modules/notification/infrastructure/messaging/notification_scheduler.go:289.2,293.12 2 0
github.com/hryt430/Yotei+/internal/modules/notification/infrastructure/messaging/notification_scheduler.go:297.98,305.28 3 0
github.com/hryt430/Yotei+/internal/modules/notification/infrastructure/messaging/notification_scheduler.go:305.28,307.3 1 0
github.com/hryt430/Yotei+/internal/modules/notification/infrastructure/messaging/notification_scheduler.go:309.2,315.28 2 0
github.com/hryt430/Yotei+/internal/modules/notification/infrastructure/messaging/notification_scheduler.go:315.28,317.3 1 0
github.com/hryt430/Yotei+/internal/modules/notification/infrastructure/messaging/notification_scheduler.go:319.2,329.16 3 0
github.com/hryt430/Yotei+/internal/modules/notification/infrastructure/messaging/notification_scheduler.go:329.16,331.3 1 0
github.com/hryt430/Yotei+/internal/modules/notification/infrastructure/messaging/notification_scheduler.go:333.2,337.12 2 0
github.com/hryt430/Yotei+/internal/modules/notification/interface/controller/handler.go:24.113,29.2 1 0
github.com/hryt430/Yotei+/internal/modules/notification/interface/controller/handler.go:104.71,106.16 2 0
github.com/hryt430/Yotei+/internal/modules/notification/interface/controller/handler.go:106.16,113.3 3 0
github.com/hryt430/Yotei+/internal/modules/notification/interface/controller/handler.go:115.2,116.57 2 0
github.com/hryt430/Yotei+/internal/modules/notification/interface/controller/handler.go:116.57,123.3 3 0
github.com/hryt430/Yotei+/internal/modules/notification/interface/controller/handler.go:125.2,126.16 2 0
github.com/hryt430/Yotei+/internal/modules/notification/interface/controller/handler.go:126.16,133.3 3 0
github.com/hryt430/Yotei+/internal/modules/notification/interface/controller/handler.go:135.2,139.44 2 0
github.com/hryt430/Yotei+/internal/modules/notification/interface/controller/handler.go:156.68,158.16 2 0
github.com/hryt430/Yotei+/internal/modules/notification/interface/controller/handler.go:158.16,165.3 3 0
github.com/hryt430/Yotei+/internal/modules/notification/interface/controller/handler.go:167.2,168.16 2 0
github.com/hryt430/Yotei+/internal/modules/notification/interface/controller/handler.go:168.16,174.3 2 0
github.com/hryt430/Yotei+/internal/modules/notification/interface/controller/handler.go:176.2,177.16 2 0
github.com/hryt430/Yotei+/internal/modules/notification/interface/controller/handler.go:177.16,186.3 3 0
[...]
github.com/hryt430/Yotei+/internal/modules/task/domain/task.go:167.43,168.11 1 1
github.com/hryt430/Yotei+/internal/modules/task/domain/task.go:169.20,170.15 1 1
github.com/hryt430/Yotei+/internal/modules/task/domain/task.go:171.22,172.15 1 1
github.com/hryt430/Yotei+/internal/modules/task/domain/task.go:173.19,174.15 1 1
github.com/hryt430/Yotei+/internal/modules/task/domain/task.go:175.10,176.19 1 1
github.com/hryt430/Yotei+/internal/modules/task/domain/task.go:181.45,182.11 1 1
github.com/hryt430/Yotei+/internal/modules/task/domain/task.go:183.22,184.21 1 1
github.com/hryt430/Yotei+/internal/modules/task/domain/task.go:185.28,186.21 1 1
github.com/hryt430/Yotei+/internal/modules/task/domain/task.go:187.22,188.18 1 1
github.com/hryt430/Yotei+/internal/modules/task/domain/task.go:189.10,190.19 1 1
github.com/hryt430/Yotei+/internal/modules/task/domain/task.go:195.36,204.2 1 1
github.com/hryt430/Yotei+/internal/modules/task/domain/task.go:207.36,213.2 1 1
github.com/hryt430/Yotei+/internal/modules/task/domain/task.go:216.36,222.2 1 1
github.com/hryt430/Yotei+/internal/modules/task/domain/task.go:228.51,229.29 1 1
github.com/hryt430/Yotei+/internal/modules/task/domain/task.go:229.29,231.3 1 1
github.com/hryt430/Yotei+/internal/modules/task/domain/task.go:235.54,236.29 1 1
github.com/hryt430/Yotei+/internal/modules/task/domain/task.go:236.29,238.3 1 1
github.com/hryt430/Yotei+/internal/modules/task/domain/task.go:242.45,245.2 2 1
github.com/hryt430/Yotei+/internal/modules/task/domain/task.go:248.41,249.17 1 1
github.com/hryt430/Yotei+/internal/modules/task/domain/task.go:249.17,251.3 1 1
github.com/hryt430/Yotei+/internal/modules/task/usecase/service.go:57.16,66.2 1 1
github.com/hryt430/Yotei+/internal/modules/task/usecase/service.go:87.25,89.81 1 1
github.com/hryt430/Yotei+/internal/modules/task/usecase/service.go:89.81,91.3 1 1
github.com/hryt430/Yotei+/internal/modules/task/usecase/service.go:94.2,95.16 2 1
github.com/hryt430/Yotei+/internal/modules/task/usecase/service.go:95.16,99.3 2 1
github.com/hryt430/Yotei+/internal/modules/task/usecase/service.go:100.2,100.13 1 1
github.com/hryt430/Yotei+/internal/modules/task/usecase/service.go:100.13,102.3 1 1
github.com/hryt430/Yotei+/internal/modules/task/usecase/service.go:105.2,109.16 4 1
github.com/hryt430/Yotei+/internal/modules/task/usecase/service.go:109.16,113.3 2 1
github.com/hryt430/Yotei+/internal/modules/task/usecase/service.go:116.2,116.56 1 1
github.com/hryt430/Yotei+/internal/modules/task/usecase/service.go:116.56,118.3 1 1
github.com/hryt430/Yotei+/internal/modules/task/usecase/service.go:120.2,123.18 2 1
github.com/hryt430/Yotei+/internal/modules/task/usecase/service.go:133.25,135.2 1 0
github.com/hryt430/Yotei+/internal/modules/task/usecase/service.go:138.85,139.14 1 1
github.com/hryt430/Yotei+/internal/modules/task/usecase/service.go:139.14,141.3 1 1
github.com/hryt430/Yotei+/internal/modules/task/usecase/service.go:142.2,142.46 1 1
github.com/hryt430/Yotei+/internal/modules/task/usecase/service.go:146.102,147.14 1 0
github.com/hryt430/Yotei+/internal/modules/task/usecase/service.go:147.14,149.3 1 0
github.com/hryt430/Yotei+/internal/modules/task/usecase/service.go:151.2,152.16 2 0
github.com/hryt430/Yotei+/internal/modules/task/usecase/service.go:152.16,154.3 1 0
github.com/hryt430/Yotei+/internal/modules/task/usecase/service.go:156.2,162.28 3 0
github.com/hryt430/Yotei+/internal/modules/task/usecase/service.go:162.28,164.3 1 0
github.com/hryt430/Yotei+/internal/modules/task/usecase/service.go:166.2,167.16 2 0
github.com/hryt430/Yotei+/internal/modules/task/usecase/service.go:167.16,170.3 1 0
github.com/hryt430/Yotei+/internal/modules/task/usecase/service.go:170.8,172.29 2 0
github.com/hryt430/Yotei+/internal/modules/task/usecase/service.go:172.29,174.4 1 0
github.com/hryt430/Yotei+/internal/modules/task/usecase/service.go:177.2,177.20 1 0
github.com/hryt430/Yotei+/internal/modules/task/usecase/service.go:186.32,188.26 1 0
github.com/hryt430/Yotei+/internal/modules/task/usecase/service.go:188.26,190.3 1 0
github.com/hryt430/Yotei+/internal/modules/task/usecase/service.go:191.2,191.30 1 0
github.com/hryt430/Yotei+/internal/modules/task/usecase/service.go:191.30,193.3 1 0
github.com/hryt430/Yotei+/internal/modules/task/usecase/service.go:194.2,194.31 1 0
github.com/hryt430/Yotei+/internal/modules/task/usecase/service.go:194.31,196.3 1 0
github.com/hryt430/Yotei+/internal/modules/task/usecase/service.go:199.2,199.29 1 0
github.com/hryt430/Yotei+/internal/modules/task/usecase/service.go:199.29,201.3 1 0
github.com/hryt430/Yotei+/internal/modules/task/usecase/service.go:202.2,202.33 1 0
github.com/hryt430/Yotei+/internal/modules/task/usecase/service.go:202.33,204.3 1 0
github.com/hryt430/Yotei+/internal/modules/task/usecase/service.go:206.2,206.73 1 0
github.com/hryt430/Yotei+/internal/modules/task/usecase/service.go:215.37,218.16 2 0
github.com/hryt430/Yotei+/internal/modules/task/usecase/service.go:218.16,220.3 1 0
github.com/hryt430/Yotei+/internal/modules/task/usecase/service.go:222.2,222.21 1 0
github.com/hryt430/Yotei+/internal/modules/task/usecase/service.go:222.21,224.3 1 0
github.com/hryt430/Yotei+/internal/modules/task/usecase/service.go:227.2,228.29 2 0
github.com/hryt430/Yotei+/internal/modules/task/usecase/service.go:228.29,230.29 2 0
github.com/hryt430/Yotei+/internal/modules/task/usecase/service.go:230.29,232.4 1 0
github.com/hryt430/Yotei+/internal/modules/task/usecase/service.go:235.2,236.32 2 0
github.com/hryt430/Yotei+/internal/modules/task/usecase/service.go:236.32,238.3 1 0
github.com/hryt430/Yotei+/internal/modules/task/usecase/service.go:241.2,242.22 2 0
github.com/hryt430/Yotei+/internal/modules/task/usecase/service.go:242.22,243.84 1 0
github.com/hryt430/Yotei+/internal/modules/task/usecase/service.go:243.84,245.4 1 0
github.com/hryt430/Yotei+/internal/modules/task/usecase/service.go:245.9,248.4 1 0
github.com/hryt430/Yotei+/internal/modules/task/usecase/service.go:252.2,253.29 2 0
github.com/hryt430/Yotei+/internal/modules/task/usecase/service.go:253.29,258.29 2 0
github.com/hryt430/Yotei+/internal/modules/task/usecase/service.go:258.29,260.4 1 0
github.com/hryt430/Yotei+/internal/modules/task/usecase/service.go:263.2,263.27 1 0
github.com/hryt430/Yotei+/internal/modules/task/usecase/service.go:274.25,275.14 1 0
github.com/hryt430/Yotei+/internal/modules/task/usecase/service.go:275.14,277.3 1 0
github.com/hryt430/Yotei+/internal/modules/task/usecase/service.go:280.2,280.70 1 0
github.com/hryt430/Yotei+/internal/modules/task/usecase/service.go:280.70,282.3 1 0
github.com/hryt430/Yotei+/internal/modules/task/usecase/service.go:284.2,285.16 2 0
github.com/hryt430/Yotei+/internal/modules/task/usecase/service.go:285.16,287.3 1 0
github.com/hryt430/Yotei+/internal/modules/task/usecase/service.go:290.2,294.42 3 0
github.com/hryt430/Yotei+/internal/modules/task/usecase/service.go:294.42,297.3 2 0
github.com/hryt430/Yotei+/internal/modules/task/usecase/service.go:298.2,298.60 1 0
github.com/hryt430/Yotei+/internal/modules/task/usecase/service.go:298.60,301.3 2 0
github.com/hryt430/Yotei+/internal/modules/task/usecase/service.go:302.2,302.45 1 0
github.com/hryt430/Yotei+/internal/modules/task/usecase/service.go:302.45,305.3 2 0
github.com/hryt430/Yotei+/internal/modules/task/usecase/service.go:306.2,306.51 1 0
github.com/hryt430/Yotei+/internal/modules/task/usecase/service.go:306.51,309.3 2 0
github.com/hryt430/Yotei+/internal/modules/task/usecase/service.go:310.2,310.20 1 0
github.com/hryt430/Yotei+/internal/modules/task/usecase/service.go:310.20,311.59 1 0
github.com/hryt430/Yotei+/internal/modules/task/usecase/service.go:311.59,314.4 2 0
github.com/hryt430/Yotei+/internal/modules/task/usecase/service.go:318.2,318.17 1 0
github.com/hryt430/Yotei+/internal/modules/task/usecase/service.go:318.17,320.3 1 0
github.com/hryt430/Yotei+/internal/modules/task/usecase/service.go:322.2,325.16 3 0
github.com/hryt430/Yotei+/internal/modules/task/usecase/service.go:325.16,329.3 2 0
github.com/hryt430/Yotei+/internal/modules/task/usecase/service.go:332.2,332.56 1 0
github.com/hryt430/Yotei+/internal/modules/task/usecase/service.go:332.56,334.3 1 0
github.com/hryt430/Yotei+/internal/modules/task/usecase/service.go:337.2,337.80 1 0
github.com/hryt430/Yotei+/internal/modules/task/usecase/service.go:337.80,338.59 1 0
github.com/hryt430/Yotei+/internal/modules/task/usecase/service.go:338.59,340.4 1 0
github.com/hryt430/Yotei+/internal/modules/task/usecase/service.go:343.2,344.18 2 0
github.com/hryt430/Yotei+/internal/modules/task/usecase/service.go:348.72,349.14 1 1
github.com/hryt430/Yotei+/internal/modules/task/usecase/service.go:349.14,351.3 1 1
github.com/hryt430/Yotei+/internal/modules/task/usecase/service.go:354.2,355.16 2 1
github.com/hryt430/Yotei+/internal/modules/task/usecase/service.go:355.16,357.3 1 1
github.com/hryt430/Yotei+/internal/modules/task/usecase/service.go:359.2,360.16 2 1
github.com/hryt430/Yotei+/internal/modules/task/usecase/service.go:360.16,364.3 2 0
github.com/hryt430/Yotei+/internal/modules/task/usecase/service.go:367.2,367.56 1 1
github.com/hryt430/Yotei+/internal/modules/task/usecase/service.go:367.56,369.3 1 1
github.com/hryt430/Yotei+/internal/modules/task/usecase/service.go:371.2,372.12 2 1
github.com/hryt430/Yotei+/internal/modules/task/usecase/service.go:376.111,377.38 1 1
github.com/hryt430/Yotei+/internal/modules/task/usecase/service.go:377.38,379.3 1 1
github.com/hryt430/Yotei+/internal/modules/task/usecase/service.go:382.2,383.16 2 1
github.com/hryt430/Yotei+/internal/modules/task/usecase/service.go:383.16,387.3 2 0
github.com/hryt430/Yotei+/internal/modules/task/usecase/service.go:388.2,388.13 1 1
github.com/hryt430/Yotei+/internal/modules/task/usecase/service.go:388.13,390.3 1 1
github.com/hryt430/Yotei+/internal/modules/task/usecase/service.go:392.2,393.16 2 1
github.com/hryt430/Yotei+/internal/modules/task/usecase/service.go:393.16,395.3 1 1
github.com/hryt430/Yotei+/internal/modules/task/usecase/service.go:398.2,398.62 1 1
github.com/hryt430/Yotei+/internal/modules/task/usecase/service.go:398.62,400.3 1 1
github.com/hryt430/Yotei+/internal/modules/task/usecase/service.go:402.2,405.16 3 1
github.com/hryt430/Yotei+/internal/modules/task/usecase/service.go:405.16,409.3 2 0
github.com/hryt430/Yotei+/internal/modules/task/usecase/service.go:412.2,412.57 1 1
github.com/hryt430/Yotei+/internal/modules/task/usecase/service.go:412.57,414.3 1 1
github.com/hryt430/Yotei+/internal/modules/task/usecase/service.go:416.2,419.18 2 1
github.com/hryt430/Yotei+/internal/modules/task/usecase/service.go:423.124,424.18 1 1
github.com/hryt430/Yotei+/internal/modules/task/usecase/service.go:424.18,426.3 1 0
github.com/hryt430/Yotei+/internal/modules/task/usecase/service.go:428.2,429.16 2 1
github.com/hryt430/Yotei+/internal/modules/task/usecase/service.go:429.16,431.3 1 0
github.com/hryt430/Yotei+/internal/modules/task/usecase/service.go:433.2,437.16 4 1
github.com/hryt430/Yotei+/internal/modules/task/usecase/service.go:437.16,439.3 1 0
github.com/hryt430/Yotei+/internal/modules/task/usecase/service.go:442.2,442.56 1 1
github.com/hryt430/Yotei+/internal/modules/task/usecase/service.go:442.56,444.3 1 1
github.com/hryt430/Yotei+/internal/modules/task/usecase/service.go:447.2,447.75 1 1
github.com/hryt430/Yotei+/internal/modules/task/usecase/service.go:447.75,448.59 1 1
github.com/hryt430/Yotei+/internal/modules/task/usecase/service.go:448.59,450.4 1 1
github.com/hryt430/Yotei+/internal/modules/task/usecase/service.go:453.2,453.18 1 1
github.com/hryt430/Yotei+/internal/modules/task/usecase/service.go:459.84,461.2 1 0
github.com/hryt430/Yotei+/internal/modules/task/usecase/service.go:464.102,465.18 1 0
github.com/hryt430/Yotei+/internal/modules/task/usecase/service.go:465.18,467.3 1 0
github.com/hryt430/Yotei+/internal/modules/task/usecase/service.go:468.2,468.57 1 0
github.com/hryt430/Yotei+/internal/modules/task/usecase/service.go:472.105,473.17 1 0
github.com/hryt430/Yotei+/internal/modules/task/usecase/service.go:473.17,475.3 1 0
github.com/hryt430/Yotei+/internal/modules/task/usecase/service.go:476.2,476.31 1 0
github.com/hryt430/Yotei+/internal/modules/task/usecase/service.go:476.31,478.3 1 0
github.com/hryt430/Yotei+/internal/modules/task/usecase/service.go:479.2,479.56 1 0
github.com/hryt430/Yotei+/internal/modules/task/usecase/service.go:485.106,486.12 1 1
github.com/hryt430/Yotei+/internal/modules/task/usecase/service.go:486.12,492.56 4 1
github.com/hryt430/Yotei+/internal/modules/task/usecase/service.go:492.56,493.40 1 1
github.com/hryt430/Yotei+/internal/modules/task/usecase/service.go:493.40,502.13 4 0
github.com/hryt430/Yotei+/internal/modules/task/usecase/service.go:506.4,509.10 2 1
github.com/hryt430/Yotei+/internal/modules/task/usecase/service.go:513.3,516.26 1 0
github.com/hryt430/Yotei+/internal/modules/task/usecase/service.go:522.91,523.36 1 1
github.com/hryt430/Yotei+/internal/modules/task/usecase/service.go:523.36,525.3 1 1
github.com/hryt430/Yotei+/internal/modules/task/usecase/service.go:526.2,526.22 1 1
github.com/hryt430/Yotei+/internal/modules/task/usecase/service.go:526.22,528.3 1 0
github.com/hryt430/Yotei+/internal/modules/task/usecase/service.go:529.2,529.29 1 1
github.com/hryt430/Yotei+/internal/modules/task/usecase/service.go:529.29,531.3 1 0
github.com/hryt430/Yotei+/internal/modules/task/usecase/service.go:532.2,532.40 1 1
github.com/hryt430/Yotei+/internal/modules/task/usecase/service.go:532.40,534.3 1 1
github.com/hryt430/Yotei+/internal/modules/task/usecase/service.go:535.2,535.12 1 1
github.com/hryt430/Yotei+/internal/modules/task/usecase/service.go:538.81,539.18 1 0
github.com/hryt430/Yotei+/internal/modules/task/usecase/service.go:539.18,540.38 1 0
github.com/hryt430/Yotei+/internal/modules/task/usecase/service.go:540.38,542.4 1 0
github.com/hryt430/Yotei+/internal/modules/task/usecase/service.go:543.3,543.24 1 0
github.com/hryt430/Yotei+/internal/modules/task/usecase/service.go:543.24,545.4 1 0
github.com/hryt430/Yotei+/internal/modules/task/usecase/service.go:547.2,547.52 1 0
github.com/hryt430/Yotei+/internal/modules/task/usecase/service.go:547.52,549.3 1 0
github.com/hryt430/Yotei+/internal/modules/task/usecase/service.go:550.2,550.12 1 0
github.com/hryt430/Yotei+/internal/modules/task/usecase/stats_service.go:39.21,45.2 1 1
github.com/hryt430/Yotei+/internal/modules/task/usecase/stats_service.go:48.114,53.16 3 1
github.com/hryt430/Yotei+/internal/modules/task/usecase/stats_service.go:53.16,56.3 2 1
github.com/hryt430/Yotei+/internal/modules/task/usecase/stats_service.go:59.2,60.16 2 1
github.com/hryt430/Yotei+/internal/modules/task/usecase/stats_service.go:60.16,63.3 2 0
github.com/hryt430/Yotei+/internal/modules/task/usecase/stats_service.go:66.2,68.16 3 1
github.com/hryt430/Yotei+/internal/modules/task/usecase/stats_service.go:68.16,71.3 2 0
github.com/hryt430/Yotei+/internal/modules/task/usecase/stats_service.go:74.2,75.16 2 1
github.com/hryt430/Yotei+/internal/modules/task/usecase/stats_service.go:75.16,78.3 2 1
github.com/hryt430/Yotei+/internal/modules/task/usecase/stats_service.go:81.2,82.16 2 1
github.com/hryt430/Yotei+/internal/modules/task/usecase/stats_service.go:82.16,85.3 2 1
github.com/hryt430/Yotei+/internal/modules/task/usecase/stats_service.go:88.2,89.16 2 1
github.com/hryt430/Yotei+/internal/modules/task/usecase/stats_service.go:89.16,92.3 2 1
github.com/hryt430/Yotei+/internal/modules/task/usecase/stats_service.go:95.2,96.16 2 1
github.com/hryt430/Yotei+/internal/modules/task/usecase/stats_service.go:96.16,99.3 2 1
github.com/hryt430/Yotei+/internal/modules/task/usecase/stats_service.go:101.2,109.8 1 1
github.com/hryt430/Yotei+/internal/modules/task/usecase/stats_service.go:113.122,118.16 3 1
github.com/hryt430/Yotei+/internal/modules/task/usecase/stats_service.go:118.16,120.3 1 1
github.com/hryt430/Yotei+/internal/modules/task/usecase/stats_service.go:123.2,124.16 2 1
github.com/hryt430/Yotei+/internal/modules/task/usecase/stats_service.go:124.16,126.3 1 1
github.com/hryt430/Yotei+/internal/modules/task/usecase/stats_service.go:129.2,130.29 2 1
github.com/hryt430/Yotei+/internal/modules/task/usecase/stats_service.go:130.29,132.3 1 1
github.com/hryt430/Yotei+/internal/modules/task/usecase/stats_service.go:133.2,133.36 1 1
github.com/hryt430/Yotei+/internal/modules/task/usecase/stats_service.go:133.36,135.3 1 1
github.com/hryt430/Yotei+/internal/modules/task/usecase/stats_service.go:137.2,138.31 2 1
github.com/hryt430/Yotei+/internal/modules/task/usecase/stats_service.go:138.31,140.3 1 1
github.com/hryt430/Yotei+/internal/modules/task/usecase/stats_service.go:142.2,142.50 1 1
github.com/hryt430/Yotei+/internal/modules/task/usecase/stats_service.go:146.124,152.64 3 1
github.com/hryt430/Yotei+/internal/modules/task/usecase/stats_service.go:152.64,154.17 2 1
github.com/hryt430/Yotei+/internal/modules/task/usecase/stats_service.go:154.17,161.4 2 1
github.com/hryt430/Yotei+/internal/modules/task/usecase/stats_service.go:163.3,164.37 2 1
github.com/hryt430/Yotei+/internal/modules/task/usecase/stats_service.go:167.2,167.67 1 1
github.com/hryt430/Yotei+/internal/modules/task/usecase/stats_service.go:171.128,181.64 3 1
github.com/hryt430/Yotei+/internal/modules/task/usecase/stats_service.go:181.64,183.17 2 1
github.com/hryt430/Yotei+/internal/modules/task/usecase/stats_service.go:183.17,189.4 2 1
github.com/hryt430/Yotei+/internal/modules/task/usecase/stats_service.go:191.3,192.30 2 1
github.com/hryt430/Yotei+/internal/modules/task/usecase/stats_service.go:192.30,193.29 1 1
github.com/hryt430/Yotei+/internal/modules/task/usecase/stats_service.go:193.29,195.10 2 0
github.com/hryt430/Yotei+/internal/modules/task/usecase/stats_service.go:199.3,206.35 3 1
github.com/hryt430/Yotei+/internal/modules/task/usecase/stats_service.go:209.2,209.21 1 1
github.com/hryt430/Yotei+/internal/modules/task/usecase/stats_service.go:213.118,219.16 4 1
github.com/hryt430/Yotei+/internal/modules/task/usecase/stats_service.go:219.16,221.3 1 1
github.com/hryt430/Yotei+/internal/modules/task/usecase/stats_service.go:223.2,224.29 2 1
github.com/hryt430/Yotei+/internal/modules/task/usecase/stats_service.go:224.29,226.3 1 1
github.com/hryt430/Yotei+/internal/modules/task/usecase/stats_service.go:228.2,228.23 1 1
github.com/hryt430/Yotei+/internal/modules/task/usecase/stats_service.go:232.118,249.16 5 1
github.com/hryt430/Yotei+/internal/modules/task/usecase/stats_service.go:249.16,251.3 1 1
github.com/hryt430/Yotei+/internal/modules/task/usecase/stats_service.go:253.2,254.29 2 1
github.com/hryt430/Yotei+/internal/modules/task/usecase/stats_service.go:254.29,255.43 1 1
github.com/hryt430/Yotei+/internal/modules/task/usecase/stats_service.go:255.43,257.4 1 1
github.com/hryt430/Yotei+/internal/modules/task/usecase/stats_service.go:260.2,260.23 1 1
github.com/hryt430/Yotei+/internal/modules/task/usecase/stats_service.go:264.123,268.33 3 1
github.com/hryt430/Yotei+/internal/modules/task/usecase/stats_service.go:268.33,271.17 3 1
github.com/hryt430/Yotei+/internal/modules/task/usecase/stats_service.go:271.17,278.4 2 1
github.com/hryt430/Yotei+/internal/modules/task/usecase/stats_service.go:279.3,279.40 1 1
github.com/hryt430/Yotei+/internal/modules/task/usecase/stats_service.go:282.2,282.21 1 1
github.com/hryt430/Yotei+/internal/modules/task/usecase/stats_service.go:286.137,294.16 5 1
github.com/hryt430/Yotei+/internal/modules/task/usecase/stats_service.go:294.16,296.3 1 1
github.com/hryt430/Yotei+/internal/modules/task/usecase/stats_service.go:299.2,302.66 2 1
github.com/hryt430/Yotei+/internal/modules/task/usecase/stats_service.go:302.66,304.30 2 1
github.com/hryt430/Yotei+/internal/modules/task/usecase/stats_service.go:304.30,307.67 1 1
github.com/hryt430/Yotei+/internal/modules/task/usecase/stats_service.go:307.67,309.5 1 1
github.com/hryt430/Yotei+/internal/modules/task/usecase/stats_service.go:312.3,313.57 2 1
github.com/hryt430/Yotei+/internal/modules/task/usecase/stats_service.go:316.2,316.69 1 1
